[2022-10-21T11:21:17.622Z] Log level: Info
[2022-10-21T11:21:17.632Z] [info] Validating found git in: git
[2022-10-21T11:21:17.740Z] [info] Using git 1.8.3.1 from git
[2022-10-21T11:21:17.898Z] > git rev-parse --show-toplevel [117ms]
[2022-10-21T11:21:17.898Z] fatal: Not a git repository (or any of the parent directories): .git
[2022-10-21T11:21:17.978Z] > git rev-parse --show-toplevel [43ms]
[2022-10-21T11:21:17.993Z] > git rev-parse --git-dir --git-common-dir [2ms]
[2022-10-21T11:21:18.000Z] [info] Open repository: /root
[2022-10-21T11:21:18.108Z] > git rev-parse --show-toplevel [41ms]
[2022-10-21T11:21:18.108Z] fatal: Not a git repository (or any parent up to mount point /boot)
Stopping at filesystem boundary (GIT_DISCOVERY_ACROSS_FILESYSTEM not set).
[2022-10-21T11:21:18.204Z] > git rev-parse --show-toplevel [69ms]
[2022-10-21T11:21:18.204Z] fatal: Not a git repository (or any parent up to mount point /dev)
Stopping at filesystem boundary (GIT_DISCOVERY_ACROSS_FILESYSTEM not set).
[2022-10-21T11:21:18.240Z] > git status -z -uall [183ms]
[2022-10-21T11:21:18.268Z] > git rev-parse --show-toplevel [29ms]
[2022-10-21T11:21:18.268Z] fatal: Not a git repository (or any of the parent directories): .git
[2022-10-21T11:21:18.278Z] > git rev-parse --show-toplevel [1ms]
[2022-10-21T11:21:18.278Z] fatal: Not a git repository (or any of the parent directories): .git
[2022-10-21T11:21:18.293Z] > git symbolic-ref --short HEAD [25ms]
[2022-10-21T11:21:18.299Z] > git for-each-ref --format=%(refname)%00%(upstream:short)%00%(objectname) refs/heads/main refs/remotes/main [1ms]
[2022-10-21T11:21:18.316Z] > git rev-parse --show-toplevel [24ms]
[2022-10-21T11:21:18.316Z] fatal: Not a git repository (or any of the parent directories): .git
[2022-10-21T11:21:18.326Z] > git rev-parse --show-toplevel [1ms]
[2022-10-21T11:21:18.326Z] fatal: Not a git repository (or any of the parent directories): .git
[2022-10-21T11:21:18.336Z] > git rev-list --left-right --count main...origin/main [20ms]
[2022-10-21T11:21:18.355Z] > git remote --verbose [1ms]
[2022-10-21T11:21:18.356Z] > git for-each-ref --sort -committerdate --format %(refname) %(objectname) %(*objectname) [15ms]
[2022-10-21T11:21:18.356Z] > git rev-parse --show-toplevel [20ms]
[2022-10-21T11:21:18.356Z] fatal: Not a git repository (or any of the parent directories): .git
[2022-10-21T11:21:18.391Z] > git rev-parse --show-toplevel [21ms]
[2022-10-21T11:21:18.391Z] fatal: Not a git repository (or any parent up to mount point /proc)
Stopping at filesystem boundary (GIT_DISCOVERY_ACROSS_FILESYSTEM not set).
[2022-10-21T11:21:18.408Z] > git rev-parse --show-toplevel [6ms]
[2022-10-21T11:21:18.408Z] fatal: Not a git repository (or any parent up to mount point /run)
Stopping at filesystem boundary (GIT_DISCOVERY_ACROSS_FILESYSTEM not set).
[2022-10-21T11:21:18.421Z] > git rev-parse --show-toplevel [1ms]
[2022-10-21T11:21:18.421Z] fatal: Not a git repository (or any of the parent directories): .git
[2022-10-21T11:21:18.434Z] > git config --get commit.template [27ms]
[2022-10-21T11:21:18.456Z] > git rev-parse --show-toplevel [22ms]
[2022-10-21T11:21:18.456Z] fatal: Not a git repository (or any parent up to mount point /sys)
Stopping at filesystem boundary (GIT_DISCOVERY_ACROSS_FILESYSTEM not set).
[2022-10-21T11:21:18.507Z] > git rev-parse --show-toplevel [34ms]
[2022-10-21T11:21:18.507Z] fatal: Not a git repository (or any of the parent directories): .git
[2022-10-21T11:21:18.518Z] > git status -z -uall [62ms]
[2022-10-21T11:21:18.536Z] > git rev-parse --show-toplevel [19ms]
[2022-10-21T11:21:18.536Z] fatal: Not a git repository (or any of the parent directories): .git
[2022-10-21T11:21:18.552Z] > git rev-parse --show-toplevel [1ms]
[2022-10-21T11:21:18.552Z] fatal: Not a git repository (or any of the parent directories): .git
[2022-10-21T11:21:18.555Z] > git symbolic-ref --short HEAD [20ms]
[2022-10-21T11:21:18.578Z] > git for-each-ref --format=%(refname)%00%(upstream:short)%00%(objectname) refs/heads/main refs/remotes/main [3ms]
[2022-10-21T11:21:18.610Z] > git rev-list --left-right --count main...origin/main [3ms]
[2022-10-21T11:21:18.661Z] > git remote --verbose [2ms]
[2022-10-21T11:21:18.661Z] > git for-each-ref --sort -committerdate --format %(refname) %(objectname) %(*objectname) [24ms]
[2022-10-21T11:21:18.685Z] > git config --get commit.template [3ms]
[2022-10-21T11:21:18.786Z] > git show --textconv :type.json [17ms]
[2022-10-21T11:21:18.787Z] > git ls-files --stage -- /root/type.json [6ms]
[2022-10-21T11:21:18.807Z] > git cat-file -s 5dcd60a8d98a8bc52c195d25b594440e53f4ffdd [0ms]
[2022-10-21T11:21:18.991Z] > git check-ignore -v -z --stdin [7ms]
[2022-10-21T11:21:19.352Z] > git fetch [1333ms]
[2022-10-21T11:21:19.394Z] > git status -z -uall [16ms]
[2022-10-21T11:21:19.404Z] > git symbolic-ref --short HEAD [1ms]
[2022-10-21T11:21:19.417Z] > git for-each-ref --format=%(refname)%00%(upstream:short)%00%(objectname) refs/heads/main refs/remotes/main [0ms]
[2022-10-21T11:21:19.429Z] > git rev-list --left-right --count main...origin/main [0ms]
[2022-10-21T11:21:19.451Z] > git remote --verbose [1ms]
[2022-10-21T11:21:19.451Z] > git for-each-ref --sort -committerdate --format %(refname) %(objectname) %(*objectname) [8ms]
[2022-10-21T11:21:19.462Z] > git config --get commit.template [0ms]
[2022-10-21T11:21:31.080Z] > git rev-parse --show-toplevel [1ms]
[2022-10-21T11:21:31.080Z] fatal: Not a git repository (or any of the parent directories): .git
[2022-10-21T11:21:34.808Z] > git show --textconv :NMS.py [14ms]
[2022-10-21T11:21:34.808Z] > git ls-files --stage -- /root/NMS.py [2ms]
[2022-10-21T11:21:34.835Z] > git cat-file -s 32b58ae4f6d92321b32dacd9dc68e8ec04f7acc6 [1ms]
[2022-10-21T11:21:35.160Z] > git check-ignore -v -z --stdin [7ms]
[2022-10-21T11:24:20.643Z] > git fetch [1170ms]
[2022-10-21T11:24:20.643Z] ERROR: We're doing an SSH key audit.
Reason: unverified automatically (private key found in a public repository)
Please visit https://github.com/Kassim28/projet_snmp/settings/keys/72667170
to approve this key so we know it's safe.

Fingerprint:
SHA256:ydkMt7oZXO99SpCP3H4C6IjUqELd1tDBr7cGXk8a7VE

fatal: Could not read from remote repository.

Please make sure you have the correct access rights
and the repository exists.
[2022-10-21T11:27:21.842Z] > git fetch [1191ms]
[2022-10-21T11:27:21.842Z] ERROR: We're doing an SSH key audit.
Reason: unverified automatically (private key found in a public repository)
Please visit https://github.com/Kassim28/projet_snmp/settings/keys/72667170
to approve this key so we know it's safe.

Fingerprint:
SHA256:ydkMt7oZXO99SpCP3H4C6IjUqELd1tDBr7cGXk8a7VE

fatal: Could not read from remote repository.

Please make sure you have the correct access rights
and the repository exists.
[2022-10-21T11:30:10.444Z] > git check-ignore -v -z --stdin [13ms]
[2022-10-21T11:30:17.711Z] > git show --textconv :templates/index.html [27ms]
[2022-10-21T11:30:17.712Z] > git ls-files --stage -- /root/templates/index.html [1ms]
[2022-10-21T11:30:17.906Z] > git check-ignore -v -z --stdin [54ms]
[2022-10-21T11:30:22.898Z] > git fetch [1047ms]
[2022-10-21T11:30:22.898Z] ERROR: We're doing an SSH key audit.
Reason: unverified automatically (private key found in a public repository)
Please visit https://github.com/Kassim28/projet_snmp/settings/keys/72667170
to approve this key so we know it's safe.

Fingerprint:
SHA256:ydkMt7oZXO99SpCP3H4C6IjUqELd1tDBr7cGXk8a7VE

fatal: Could not read from remote repository.

Please make sure you have the correct access rights
and the repository exists.
[2022-10-21T11:30:38.737Z] > git show --textconv :NMS.py [9ms]
[2022-10-21T11:30:38.737Z] > git ls-files --stage -- /root/NMS.py [1ms]
[2022-10-21T11:30:38.744Z] > git cat-file -s 32b58ae4f6d92321b32dacd9dc68e8ec04f7acc6 [1ms]
[2022-10-21T11:32:45.463Z] > git show --textconv :readme.md [42ms]
[2022-10-21T11:32:45.549Z] > git ls-files --stage -- /root/readme.md [88ms]
[2022-10-21T11:32:45.589Z] > git cat-file -s e69de29bb2d1d6434b8b29ae775ad8c2e48c5391 [8ms]
[2022-10-21T11:33:23.970Z] > git fetch [1061ms]
[2022-10-21T11:33:23.970Z] ERROR: We're doing an SSH key audit.
Reason: unverified automatically (private key found in a public repository)
Please visit https://github.com/Kassim28/projet_snmp/settings/keys/72667170
to approve this key so we know it's safe.

Fingerprint:
SHA256:ydkMt7oZXO99SpCP3H4C6IjUqELd1tDBr7cGXk8a7VE

fatal: Could not read from remote repository.

Please make sure you have the correct access rights
and the repository exists.
[2022-10-21T11:36:25.114Z] > git fetch [1134ms]
[2022-10-21T11:36:25.114Z] ERROR: We're doing an SSH key audit.
Reason: unverified automatically (private key found in a public repository)
Please visit https://github.com/Kassim28/projet_snmp/settings/keys/72667170
to approve this key so we know it's safe.

Fingerprint:
SHA256:ydkMt7oZXO99SpCP3H4C6IjUqELd1tDBr7cGXk8a7VE

fatal: Could not read from remote repository.

Please make sure you have the correct access rights
and the repository exists.
[2022-10-21T11:39:26.350Z] > git fetch [1228ms]
[2022-10-21T11:39:26.350Z] From github.com:Kassim28/projet_snmp
 * [new branch]      test       -> origin/test
[2022-10-21T11:39:26.392Z] > git status -z -uall [29ms]
[2022-10-21T11:39:26.398Z] > git symbolic-ref --short HEAD [0ms]
[2022-10-21T11:39:26.405Z] > git for-each-ref --format=%(refname)%00%(upstream:short)%00%(objectname) refs/heads/main refs/remotes/main [1ms]
[2022-10-21T11:39:26.415Z] > git rev-list --left-right --count main...origin/main [0ms]
[2022-10-21T11:39:26.427Z] > git remote --verbose [1ms]
[2022-10-21T11:39:26.427Z] > git for-each-ref --sort -committerdate --format %(refname) %(objectname) %(*objectname) [5ms]
[2022-10-21T11:39:26.438Z] > git config --get commit.template [0ms]
[2022-10-21T11:42:27.665Z] > git fetch [1217ms]
[2022-10-21T11:42:27.700Z] > git status -z -uall [12ms]
[2022-10-21T11:42:27.705Z] > git symbolic-ref --short HEAD [0ms]
[2022-10-21T11:42:27.710Z] > git for-each-ref --format=%(refname)%00%(upstream:short)%00%(objectname) refs/heads/main refs/remotes/main [0ms]
[2022-10-21T11:42:27.717Z] > git rev-list --left-right --count main...origin/main [0ms]
[2022-10-21T11:42:27.729Z] > git remote --verbose [1ms]
[2022-10-21T11:42:27.729Z] > git for-each-ref --sort -committerdate --format %(refname) %(objectname) %(*objectname) [6ms]
[2022-10-21T11:42:27.737Z] > git config --get commit.template [0ms]
[2022-10-21T11:45:27.998Z] > git show --textconv :equipment.json [11ms]
[2022-10-21T11:45:27.998Z] > git ls-files --stage -- /root/equipment.json [3ms]
[2022-10-21T11:45:28.008Z] > git cat-file -s b2ea4a124e3ca02ddd97e01113b187e56134396f [0ms]
[2022-10-21T11:45:28.695Z] > git show --textconv :type.json [7ms]
[2022-10-21T11:45:28.695Z] > git ls-files --stage -- /root/type.json [0ms]
[2022-10-21T11:45:28.703Z] > git cat-file -s 5dcd60a8d98a8bc52c195d25b594440e53f4ffdd [1ms]
[2022-10-21T11:45:29.123Z] > git fetch [1378ms]
[2022-10-21T11:45:29.170Z] > git status -z -uall [33ms]
[2022-10-21T11:45:29.174Z] > git symbolic-ref --short HEAD [0ms]
[2022-10-21T11:45:29.179Z] > git for-each-ref --format=%(refname)%00%(upstream:short)%00%(objectname) refs/heads/main refs/remotes/main [1ms]
[2022-10-21T11:45:29.189Z] > git rev-list --left-right --count main...origin/main [0ms]
[2022-10-21T11:45:29.204Z] > git remote --verbose [1ms]
[2022-10-21T11:45:29.204Z] > git for-each-ref --sort -committerdate --format %(refname) %(objectname) %(*objectname) [8ms]
[2022-10-21T11:45:29.211Z] > git config --get commit.template [0ms]
[2022-10-21T11:48:06.914Z] > git show --textconv :equipment.json [10ms]
[2022-10-21T11:48:06.914Z] > git ls-files --stage -- /root/equipment.json [1ms]
[2022-10-21T11:48:06.923Z] > git cat-file -s b2ea4a124e3ca02ddd97e01113b187e56134396f [1ms]
[2022-10-21T11:48:08.368Z] > git show --textconv :type.json [8ms]
[2022-10-21T11:48:08.368Z] > git ls-files --stage -- /root/type.json [0ms]
[2022-10-21T11:48:08.375Z] > git cat-file -s 5dcd60a8d98a8bc52c195d25b594440e53f4ffdd [1ms]
[2022-10-21T11:48:30.422Z] > git fetch [1204ms]
[2022-10-21T11:48:30.455Z] > git status -z -uall [19ms]
[2022-10-21T11:48:30.461Z] > git symbolic-ref --short HEAD [1ms]
[2022-10-21T11:48:30.465Z] > git for-each-ref --format=%(refname)%00%(upstream:short)%00%(objectname) refs/heads/main refs/remotes/main [0ms]
[2022-10-21T11:48:30.470Z] > git rev-list --left-right --count main...origin/main [1ms]
[2022-10-21T11:48:30.480Z] > git remote --verbose [0ms]
[2022-10-21T11:48:30.481Z] > git for-each-ref --sort -committerdate --format %(refname) %(objectname) %(*objectname) [6ms]
[2022-10-21T11:48:30.486Z] > git config --get commit.template [0ms]
[2022-10-21T11:50:05.199Z] > git show --textconv :equipment.json [9ms]
[2022-10-21T11:50:05.199Z] > git ls-files --stage -- /root/equipment.json [0ms]
[2022-10-21T11:50:05.208Z] > git cat-file -s b2ea4a124e3ca02ddd97e01113b187e56134396f [1ms]
[2022-10-21T11:50:06.511Z] > git show --textconv :type.json [7ms]
[2022-10-21T11:50:06.512Z] > git ls-files --stage -- /root/type.json [1ms]
[2022-10-21T11:50:06.520Z] > git cat-file -s 5dcd60a8d98a8bc52c195d25b594440e53f4ffdd [1ms]
[2022-10-21T11:50:09.059Z] > git show --textconv :equipment.json [7ms]
[2022-10-21T11:50:09.059Z] > git ls-files --stage -- /root/equipment.json [0ms]
[2022-10-21T11:50:09.067Z] > git cat-file -s b2ea4a124e3ca02ddd97e01113b187e56134396f [2ms]
[2022-10-21T11:50:12.436Z] > git show --textconv :type.json [9ms]
[2022-10-21T11:50:12.436Z] > git ls-files --stage -- /root/type.json [0ms]
[2022-10-21T11:50:12.442Z] > git cat-file -s 5dcd60a8d98a8bc52c195d25b594440e53f4ffdd [0ms]
[2022-10-21T11:50:13.928Z] > git show --textconv :equipment.json [9ms]
[2022-10-21T11:50:13.928Z] > git ls-files --stage -- /root/equipment.json [1ms]
[2022-10-21T11:50:13.937Z] > git cat-file -s b2ea4a124e3ca02ddd97e01113b187e56134396f [1ms]
[2022-10-21T11:50:15.639Z] > git show --textconv :type.json [9ms]
[2022-10-21T11:50:15.639Z] > git ls-files --stage -- /root/type.json [1ms]
[2022-10-21T11:50:15.645Z] > git cat-file -s 5dcd60a8d98a8bc52c195d25b594440e53f4ffdd [1ms]
[2022-10-21T11:50:16.492Z] > git show --textconv :equipment.json [10ms]
[2022-10-21T11:50:16.493Z] > git ls-files --stage -- /root/equipment.json [1ms]
[2022-10-21T11:50:16.498Z] > git cat-file -s b2ea4a124e3ca02ddd97e01113b187e56134396f [1ms]
[2022-10-21T11:50:18.030Z] > git show --textconv :type.json [7ms]
[2022-10-21T11:50:18.030Z] > git ls-files --stage -- /root/type.json [0ms]
[2022-10-21T11:50:18.038Z] > git cat-file -s 5dcd60a8d98a8bc52c195d25b594440e53f4ffdd [1ms]
[2022-10-21T11:50:23.383Z] > git show --textconv :equipment.json [9ms]
[2022-10-21T11:50:23.384Z] > git ls-files --stage -- /root/equipment.json [1ms]
[2022-10-21T11:50:23.391Z] > git cat-file -s b2ea4a124e3ca02ddd97e01113b187e56134396f [1ms]
[2022-10-21T11:50:24.308Z] > git show --textconv :type.json [8ms]
[2022-10-21T11:50:24.308Z] > git ls-files --stage -- /root/type.json [0ms]
[2022-10-21T11:50:24.315Z] > git cat-file -s 5dcd60a8d98a8bc52c195d25b594440e53f4ffdd [1ms]
[2022-10-21T11:50:44.776Z] > git show --textconv :equipment.json [10ms]
[2022-10-21T11:50:44.776Z] > git ls-files --stage -- /root/equipment.json [1ms]
[2022-10-21T11:50:44.782Z] > git cat-file -s b2ea4a124e3ca02ddd97e01113b187e56134396f [1ms]
[2022-10-21T11:50:47.332Z] > git show --textconv :type.json [8ms]
[2022-10-21T11:50:47.332Z] > git ls-files --stage -- /root/type.json [0ms]
[2022-10-21T11:50:47.340Z] > git cat-file -s 5dcd60a8d98a8bc52c195d25b594440e53f4ffdd [1ms]
[2022-10-21T11:50:59.113Z] > git show --textconv :equipment.json [8ms]
[2022-10-21T11:50:59.113Z] > git ls-files --stage -- /root/equipment.json [0ms]
[2022-10-21T11:50:59.120Z] > git cat-file -s b2ea4a124e3ca02ddd97e01113b187e56134396f [1ms]
[2022-10-21T11:51:02.842Z] > git show --textconv :type.json [9ms]
[2022-10-21T11:51:02.842Z] > git ls-files --stage -- /root/type.json [0ms]
[2022-10-21T11:51:02.849Z] > git cat-file -s 5dcd60a8d98a8bc52c195d25b594440e53f4ffdd [1ms]
[2022-10-21T11:51:19.775Z] > git show --textconv :equipment.json [9ms]
[2022-10-21T11:51:19.775Z] > git ls-files --stage -- /root/equipment.json [0ms]
[2022-10-21T11:51:19.780Z] > git cat-file -s b2ea4a124e3ca02ddd97e01113b187e56134396f [0ms]
[2022-10-21T11:51:24.884Z] > git show --textconv :type.json [10ms]
[2022-10-21T11:51:24.884Z] > git ls-files --stage -- /root/type.json [0ms]
[2022-10-21T11:51:24.890Z] > git cat-file -s 5dcd60a8d98a8bc52c195d25b594440e53f4ffdd [0ms]
[2022-10-21T11:51:31.718Z] > git fetch [1224ms]
[2022-10-21T11:51:31.753Z] > git status -z -uall [12ms]
[2022-10-21T11:51:31.759Z] > git symbolic-ref --short HEAD [1ms]
[2022-10-21T11:51:31.773Z] > git for-each-ref --format=%(refname)%00%(upstream:short)%00%(objectname) refs/heads/main refs/remotes/main [1ms]
[2022-10-21T11:51:31.778Z] > git rev-list --left-right --count main...origin/main [0ms]
[2022-10-21T11:51:31.789Z] > git remote --verbose [1ms]
[2022-10-21T11:51:31.789Z] > git for-each-ref --sort -committerdate --format %(refname) %(objectname) %(*objectname) [4ms]
[2022-10-21T11:51:31.798Z] > git config --get commit.template [1ms]
[2022-10-21T11:54:33.009Z] > git fetch [1201ms]
[2022-10-21T11:54:33.045Z] > git status -z -uall [14ms]
[2022-10-21T11:54:33.050Z] > git symbolic-ref --short HEAD [0ms]
[2022-10-21T11:54:33.055Z] > git for-each-ref --format=%(refname)%00%(upstream:short)%00%(objectname) refs/heads/main refs/remotes/main [0ms]
[2022-10-21T11:54:33.061Z] > git rev-list --left-right --count main...origin/main [0ms]
[2022-10-21T11:54:33.071Z] > git remote --verbose [0ms]
[2022-10-21T11:54:33.071Z] > git for-each-ref --sort -committerdate --format %(refname) %(objectname) %(*objectname) [4ms]
[2022-10-21T11:54:33.079Z] > git config --get commit.template [0ms]
[2022-10-21T11:56:15.894Z] > git show --textconv :NMS.py [10ms]
[2022-10-21T11:56:15.894Z] > git ls-files --stage -- /root/NMS.py [0ms]
[2022-10-21T11:56:15.902Z] > git cat-file -s 85070897ff868656c8d9e027f7dba63a314b58e3 [1ms]
[2022-10-21T11:56:26.761Z] > git show --textconv :type.json [10ms]
[2022-10-21T11:56:26.761Z] > git ls-files --stage -- /root/type.json [0ms]
[2022-10-21T11:56:26.768Z] > git cat-file -s 5dcd60a8d98a8bc52c195d25b594440e53f4ffdd [1ms]
[2022-10-21T11:56:40.971Z] > git show --textconv :NMS.py [8ms]
[2022-10-21T11:56:40.971Z] > git ls-files --stage -- /root/NMS.py [0ms]
[2022-10-21T11:56:40.978Z] > git cat-file -s 85070897ff868656c8d9e027f7dba63a314b58e3 [1ms]
[2022-10-21T11:56:53.472Z] > git show --textconv :equipment.json [9ms]
[2022-10-21T11:56:53.472Z] > git ls-files --stage -- /root/equipment.json [0ms]
[2022-10-21T11:56:53.479Z] > git cat-file -s b2ea4a124e3ca02ddd97e01113b187e56134396f [1ms]
[2022-10-21T11:57:47.105Z] > git fetch [1265ms]
[2022-10-21T11:57:47.144Z] > git status -z -uall [20ms]
[2022-10-21T11:57:47.150Z] > git symbolic-ref --short HEAD [0ms]
[2022-10-21T11:57:47.156Z] > git for-each-ref --format=%(refname)%00%(upstream:short)%00%(objectname) refs/heads/main refs/remotes/main [1ms]
[2022-10-21T11:57:47.162Z] > git rev-list --left-right --count main...origin/main [0ms]
[2022-10-21T11:57:47.176Z] > git remote --verbose [1ms]
[2022-10-21T11:57:47.176Z] > git for-each-ref --sort -committerdate --format %(refname) %(objectname) %(*objectname) [8ms]
[2022-10-21T11:57:47.183Z] > git config --get commit.template [0ms]
[2022-10-21T11:57:48.184Z] > git show --textconv :type.json [11ms]
[2022-10-21T11:57:48.184Z] > git ls-files --stage -- /root/type.json [0ms]
[2022-10-21T11:57:48.190Z] > git cat-file -s 5dcd60a8d98a8bc52c195d25b594440e53f4ffdd [0ms]
[2022-10-21T11:57:56.387Z] > git show --textconv :equipment.json [9ms]
[2022-10-21T11:57:56.388Z] > git ls-files --stage -- /root/equipment.json [1ms]
[2022-10-21T11:57:56.395Z] > git cat-file -s b2ea4a124e3ca02ddd97e01113b187e56134396f [1ms]
[2022-10-21T11:59:23.876Z] > git show --textconv :type.json [15ms]
[2022-10-21T11:59:23.876Z] > git ls-files --stage -- /root/type.json [1ms]
[2022-10-21T11:59:23.883Z] > git cat-file -s 5dcd60a8d98a8bc52c195d25b594440e53f4ffdd [1ms]
[2022-10-21T12:00:48.476Z] > git fetch [1280ms]
[2022-10-21T12:00:48.515Z] > git status -z -uall [26ms]
[2022-10-21T12:00:48.521Z] > git symbolic-ref --short HEAD [0ms]
[2022-10-21T12:00:48.527Z] > git for-each-ref --format=%(refname)%00%(upstream:short)%00%(objectname) refs/heads/main refs/remotes/main [1ms]
[2022-10-21T12:00:48.531Z] > git rev-list --left-right --count main...origin/main [0ms]
[2022-10-21T12:00:48.544Z] > git remote --verbose [2ms]
[2022-10-21T12:00:48.544Z] > git for-each-ref --sort -committerdate --format %(refname) %(objectname) %(*objectname) [6ms]
[2022-10-21T12:00:48.551Z] > git config --get commit.template [1ms]
[2022-10-21T12:02:52.835Z] > git check-ignore -v -z --stdin [8ms]
[2022-10-21T12:04:11.921Z] > git fetch [1205ms]
[2022-10-21T12:04:11.964Z] > git status -z -uall [27ms]
[2022-10-21T12:04:11.970Z] > git symbolic-ref --short HEAD [0ms]
[2022-10-21T12:04:11.975Z] > git for-each-ref --format=%(refname)%00%(upstream:short)%00%(objectname) refs/heads/main refs/remotes/main [1ms]
[2022-10-21T12:04:11.980Z] > git rev-list --left-right --count main...origin/main [0ms]
[2022-10-21T12:04:11.991Z] > git remote --verbose [1ms]
[2022-10-21T12:04:11.991Z] > git for-each-ref --sort -committerdate --format %(refname) %(objectname) %(*objectname) [5ms]
[2022-10-21T12:04:11.998Z] > git config --get commit.template [0ms]
[2022-10-21T12:07:22.476Z] > git fetch [1239ms]
[2022-10-21T12:07:22.520Z] > git status -z -uall [30ms]
[2022-10-21T12:07:22.528Z] > git symbolic-ref --short HEAD [0ms]
[2022-10-21T12:07:22.534Z] > git for-each-ref --format=%(refname)%00%(upstream:short)%00%(objectname) refs/heads/main refs/remotes/main [1ms]
[2022-10-21T12:07:22.543Z] > git rev-list --left-right --count main...origin/main [1ms]
[2022-10-21T12:07:22.556Z] > git remote --verbose [1ms]
[2022-10-21T12:07:22.556Z] > git for-each-ref --sort -committerdate --format %(refname) %(objectname) %(*objectname) [7ms]
[2022-10-21T12:07:22.564Z] > git config --get commit.template [1ms]
[2022-10-21T12:12:52.364Z] > git fetch [1347ms]
[2022-10-21T12:12:52.403Z] > git status -z -uall [22ms]
[2022-10-21T12:12:52.409Z] > git symbolic-ref --short HEAD [0ms]
[2022-10-21T12:12:52.414Z] > git for-each-ref --format=%(refname)%00%(upstream:short)%00%(objectname) refs/heads/main refs/remotes/main [0ms]
[2022-10-21T12:12:52.421Z] > git rev-list --left-right --count main...origin/main [1ms]
[2022-10-21T12:12:52.431Z] > git remote --verbose [0ms]
[2022-10-21T12:12:52.432Z] > git for-each-ref --sort -committerdate --format %(refname) %(objectname) %(*objectname) [5ms]
[2022-10-21T12:12:52.438Z] > git config --get commit.template [1ms]
[2022-10-21T12:16:05.608Z] > git fetch [1330ms]
[2022-10-21T12:16:05.649Z] > git status -z -uall [25ms]
[2022-10-21T12:16:05.655Z] > git symbolic-ref --short HEAD [1ms]
[2022-10-21T12:16:05.664Z] > git for-each-ref --format=%(refname)%00%(upstream:short)%00%(objectname) refs/heads/main refs/remotes/main [0ms]
[2022-10-21T12:16:05.671Z] > git rev-list --left-right --count main...origin/main [1ms]
[2022-10-21T12:16:05.693Z] > git remote --verbose [1ms]
[2022-10-21T12:16:05.693Z] > git for-each-ref --sort -committerdate --format %(refname) %(objectname) %(*objectname) [6ms]
[2022-10-21T12:16:05.700Z] > git config --get commit.template [0ms]
[2022-10-21T12:20:32.986Z] > git fetch [1302ms]
[2022-10-21T12:20:33.024Z] > git status -z -uall [22ms]
[2022-10-21T12:20:33.031Z] > git symbolic-ref --short HEAD [1ms]
[2022-10-21T12:20:33.036Z] > git for-each-ref --format=%(refname)%00%(upstream:short)%00%(objectname) refs/heads/main refs/remotes/main [0ms]
[2022-10-21T12:20:33.041Z] > git rev-list --left-right --count main...origin/main [0ms]
[2022-10-21T12:20:33.053Z] > git remote --verbose [0ms]
[2022-10-21T12:20:33.054Z] > git for-each-ref --sort -committerdate --format %(refname) %(objectname) %(*objectname) [5ms]
[2022-10-21T12:20:33.060Z] > git config --get commit.template [0ms]
[2022-10-21T12:33:30.791Z] > git fetch [1334ms]
[2022-10-21T12:33:30.832Z] > git status -z -uall [23ms]
[2022-10-21T12:33:30.839Z] > git symbolic-ref --short HEAD [1ms]
[2022-10-21T12:33:30.847Z] > git for-each-ref --format=%(refname)%00%(upstream:short)%00%(objectname) refs/heads/main refs/remotes/main [0ms]
[2022-10-21T12:33:30.851Z] > git rev-list --left-right --count main...origin/main [0ms]
[2022-10-21T12:33:30.866Z] > git remote --verbose [1ms]
[2022-10-21T12:33:30.866Z] > git for-each-ref --sort -committerdate --format %(refname) %(objectname) %(*objectname) [5ms]
[2022-10-21T12:33:30.874Z] > git config --get commit.template [1ms]
[2022-10-21T12:35:32.383Z] > git show --textconv :NMS.py [10ms]
[2022-10-21T12:35:32.383Z] > git ls-files --stage -- /root/NMS.py [0ms]
[2022-10-21T12:35:32.392Z] > git cat-file -s 85070897ff868656c8d9e027f7dba63a314b58e3 [1ms]
[2022-10-21T12:36:32.179Z] > git fetch [1293ms]
[2022-10-21T12:36:32.217Z] > git status -z -uall [25ms]
[2022-10-21T12:36:32.224Z] > git symbolic-ref --short HEAD [1ms]
[2022-10-21T12:36:32.228Z] > git for-each-ref --format=%(refname)%00%(upstream:short)%00%(objectname) refs/heads/main refs/remotes/main [0ms]
[2022-10-21T12:36:32.242Z] > git rev-list --left-right --count main...origin/main [2ms]
[2022-10-21T12:36:32.254Z] > git remote --verbose [1ms]
[2022-10-21T12:36:32.255Z] > git for-each-ref --sort -committerdate --format %(refname) %(objectname) %(*objectname) [6ms]
[2022-10-21T12:36:32.260Z] > git config --get commit.template [0ms]
[2022-10-21T12:40:04.328Z] > git fetch [1276ms]
[2022-10-21T12:40:04.369Z] > git status -z -uall [18ms]
[2022-10-21T12:40:04.378Z] > git symbolic-ref --short HEAD [1ms]
[2022-10-21T12:40:04.385Z] > git for-each-ref --format=%(refname)%00%(upstream:short)%00%(objectname) refs/heads/main refs/remotes/main [1ms]
[2022-10-21T12:40:04.391Z] > git rev-list --left-right --count main...origin/main [0ms]
[2022-10-21T12:40:04.405Z] > git remote --verbose [1ms]
[2022-10-21T12:40:04.405Z] > git for-each-ref --sort -committerdate --format %(refname) %(objectname) %(*objectname) [6ms]
[2022-10-21T12:40:04.413Z] > git config --get commit.template [1ms]
[2022-10-21T12:43:12.709Z] > git fetch [1278ms]
[2022-10-21T12:43:12.748Z] > git status -z -uall [22ms]
[2022-10-21T12:43:12.756Z] > git symbolic-ref --short HEAD [1ms]
[2022-10-21T12:43:12.763Z] > git for-each-ref --format=%(refname)%00%(upstream:short)%00%(objectname) refs/heads/main refs/remotes/main [1ms]
[2022-10-21T12:43:12.769Z] > git rev-list --left-right --count main...origin/main [1ms]
[2022-10-21T12:43:12.786Z] > git remote --verbose [1ms]
[2022-10-21T12:43:12.786Z] > git for-each-ref --sort -committerdate --format %(refname) %(objectname) %(*objectname) [5ms]
[2022-10-21T12:43:12.795Z] > git config --get commit.template [1ms]
[2022-10-21T12:46:13.945Z] > git fetch [1143ms]
[2022-10-21T12:46:13.995Z] > git status -z -uall [27ms]
[2022-10-21T12:46:14.002Z] > git symbolic-ref --short HEAD [0ms]
[2022-10-21T12:46:14.008Z] > git for-each-ref --format=%(refname)%00%(upstream:short)%00%(objectname) refs/heads/main refs/remotes/main [1ms]
[2022-10-21T12:46:14.017Z] > git rev-list --left-right --count main...origin/main [1ms]
[2022-10-21T12:46:14.032Z] > git remote --verbose [0ms]
[2022-10-21T12:46:14.033Z] > git for-each-ref --sort -committerdate --format %(refname) %(objectname) %(*objectname) [10ms]
[2022-10-21T12:46:14.037Z] > git config --get commit.template [0ms]
[2022-10-21T12:49:15.357Z] > git fetch [1310ms]
[2022-10-21T12:49:15.394Z] > git status -z -uall [20ms]
[2022-10-21T12:49:15.399Z] > git symbolic-ref --short HEAD [0ms]
[2022-10-21T12:49:15.404Z] > git for-each-ref --format=%(refname)%00%(upstream:short)%00%(objectname) refs/heads/main refs/remotes/main [1ms]
[2022-10-21T12:49:15.408Z] > git rev-list --left-right --count main...origin/main [1ms]
[2022-10-21T12:49:15.418Z] > git remote --verbose [1ms]
[2022-10-21T12:49:15.418Z] > git for-each-ref --sort -committerdate --format %(refname) %(objectname) %(*objectname) [4ms]
[2022-10-21T12:49:15.425Z] > git config --get commit.template [0ms]
[2022-10-21T12:52:16.718Z] > git fetch [1285ms]
[2022-10-21T12:52:16.751Z] > git status -z -uall [18ms]
[2022-10-21T12:52:16.758Z] > git symbolic-ref --short HEAD [0ms]
[2022-10-21T12:52:16.763Z] > git for-each-ref --format=%(refname)%00%(upstream:short)%00%(objectname) refs/heads/main refs/remotes/main [0ms]
[2022-10-21T12:52:16.768Z] > git rev-list --left-right --count main...origin/main [0ms]
[2022-10-21T12:52:16.779Z] > git remote --verbose [0ms]
[2022-10-21T12:52:16.780Z] > git for-each-ref --sort -committerdate --format %(refname) %(objectname) %(*objectname) [5ms]
[2022-10-21T12:52:16.787Z] > git config --get commit.template [1ms]
[2022-10-21T12:56:10.396Z] > git fetch [1350ms]
[2022-10-21T12:56:10.432Z] > git status -z -uall [18ms]
[2022-10-21T12:56:10.438Z] > git symbolic-ref --short HEAD [0ms]
[2022-10-21T12:56:10.444Z] > git for-each-ref --format=%(refname)%00%(upstream:short)%00%(objectname) refs/heads/main refs/remotes/main [0ms]
[2022-10-21T12:56:10.449Z] > git rev-list --left-right --count main...origin/main [0ms]
[2022-10-21T12:56:10.460Z] > git remote --verbose [1ms]
[2022-10-21T12:56:10.460Z] > git for-each-ref --sort -committerdate --format %(refname) %(objectname) %(*objectname) [4ms]
[2022-10-21T12:56:10.466Z] > git config --get commit.template [0ms]
[2022-10-21T12:59:38.416Z] > git fetch [1331ms]
[2022-10-21T12:59:38.462Z] > git status -z -uall [30ms]
[2022-10-21T12:59:38.468Z] > git symbolic-ref --short HEAD [1ms]
[2022-10-21T12:59:38.472Z] > git for-each-ref --format=%(refname)%00%(upstream:short)%00%(objectname) refs/heads/main refs/remotes/main [0ms]
[2022-10-21T12:59:38.478Z] > git rev-list --left-right --count main...origin/main [0ms]
[2022-10-21T12:59:38.491Z] > git remote --verbose [0ms]
[2022-10-21T12:59:38.491Z] > git for-each-ref --sort -committerdate --format %(refname) %(objectname) %(*objectname) [5ms]
[2022-10-21T12:59:38.497Z] > git config --get commit.template [0ms]
[2022-10-21T13:05:16.119Z] > git fetch [1258ms]
[2022-10-21T13:05:16.159Z] > git status -z -uall [25ms]
[2022-10-21T13:05:16.165Z] > git symbolic-ref --short HEAD [1ms]
[2022-10-21T13:05:16.170Z] > git for-each-ref --format=%(refname)%00%(upstream:short)%00%(objectname) refs/heads/main refs/remotes/main [1ms]
[2022-10-21T13:05:16.175Z] > git rev-list --left-right --count main...origin/main [0ms]
[2022-10-21T13:05:16.188Z] > git remote --verbose [0ms]
[2022-10-21T13:05:16.189Z] > git for-each-ref --sort -committerdate --format %(refname) %(objectname) %(*objectname) [6ms]
[2022-10-21T13:05:16.196Z] > git config --get commit.template [1ms]
[2022-10-21T13:10:15.050Z] > git fetch [1288ms]
[2022-10-21T13:10:15.086Z] > git status -z -uall [21ms]
[2022-10-21T13:10:15.093Z] > git symbolic-ref --short HEAD [0ms]
[2022-10-21T13:10:15.098Z] > git for-each-ref --format=%(refname)%00%(upstream:short)%00%(objectname) refs/heads/main refs/remotes/main [0ms]
[2022-10-21T13:10:15.103Z] > git rev-list --left-right --count main...origin/main [1ms]
[2022-10-21T13:10:15.114Z] > git remote --verbose [0ms]
[2022-10-21T13:10:15.115Z] > git for-each-ref --sort -committerdate --format %(refname) %(objectname) %(*objectname) [6ms]
[2022-10-21T13:10:15.122Z] > git config --get commit.template [1ms]
[2022-10-21T13:38:31.516Z] > git fetch [1330ms]
[2022-10-21T13:38:31.656Z] > git status -z -uall [115ms]
[2022-10-21T13:38:31.664Z] > git symbolic-ref --short HEAD [1ms]
[2022-10-21T13:38:31.680Z] > git for-each-ref --format=%(refname)%00%(upstream:short)%00%(objectname) refs/heads/main refs/remotes/main [0ms]
[2022-10-21T13:38:31.696Z] > git rev-list --left-right --count main...origin/main [0ms]
[2022-10-21T13:38:31.710Z] > git remote --verbose [1ms]
[2022-10-21T13:38:31.710Z] > git for-each-ref --sort -committerdate --format %(refname) %(objectname) %(*objectname) [7ms]
[2022-10-21T13:38:31.721Z] > git config --get commit.template [0ms]
[2022-10-21T13:41:32.894Z] > git fetch [1158ms]
[2022-10-21T13:41:32.933Z] > git status -z -uall [18ms]
[2022-10-21T13:41:32.939Z] > git symbolic-ref --short HEAD [0ms]
[2022-10-21T13:41:32.946Z] > git for-each-ref --format=%(refname)%00%(upstream:short)%00%(objectname) refs/heads/main refs/remotes/main [0ms]
[2022-10-21T13:41:32.950Z] > git rev-list --left-right --count main...origin/main [0ms]
[2022-10-21T13:41:32.973Z] > git remote --verbose [1ms]
[2022-10-21T13:41:32.973Z] > git for-each-ref --sort -committerdate --format %(refname) %(objectname) %(*objectname) [4ms]
[2022-10-21T13:41:32.981Z] > git config --get commit.template [0ms]
[2022-10-21T13:44:34.254Z] > git fetch [1261ms]
[2022-10-21T13:44:34.289Z] > git status -z -uall [19ms]
[2022-10-21T13:44:34.294Z] > git symbolic-ref --short HEAD [0ms]
[2022-10-21T13:44:34.300Z] > git for-each-ref --format=%(refname)%00%(upstream:short)%00%(objectname) refs/heads/main refs/remotes/main [1ms]
[2022-10-21T13:44:34.305Z] > git rev-list --left-right --count main...origin/main [1ms]
[2022-10-21T13:44:34.317Z] > git remote --verbose [1ms]
[2022-10-21T13:44:34.317Z] > git for-each-ref --sort -committerdate --format %(refname) %(objectname) %(*objectname) [5ms]
[2022-10-21T13:44:34.326Z] > git config --get commit.template [0ms]
[2022-10-21T13:47:35.600Z] > git fetch [1253ms]
[2022-10-21T13:47:35.636Z] > git status -z -uall [18ms]
[2022-10-21T13:47:35.643Z] > git symbolic-ref --short HEAD [0ms]
[2022-10-21T13:47:35.649Z] > git for-each-ref --format=%(refname)%00%(upstream:short)%00%(objectname) refs/heads/main refs/remotes/main [0ms]
[2022-10-21T13:47:35.655Z] > git rev-list --left-right --count main...origin/main [0ms]
[2022-10-21T13:47:35.666Z] > git remote --verbose [1ms]
[2022-10-21T13:47:35.666Z] > git for-each-ref --sort -committerdate --format %(refname) %(objectname) %(*objectname) [5ms]
[2022-10-21T13:47:35.672Z] > git config --get commit.template [0ms]
[2022-10-21T13:50:37.002Z] > git fetch [1314ms]
[2022-10-21T13:50:37.036Z] > git status -z -uall [22ms]
[2022-10-21T13:50:37.041Z] > git symbolic-ref --short HEAD [1ms]
[2022-10-21T13:50:37.045Z] > git for-each-ref --format=%(refname)%00%(upstream:short)%00%(objectname) refs/heads/main refs/remotes/main [0ms]
[2022-10-21T13:50:37.050Z] > git rev-list --left-right --count main...origin/main [0ms]
[2022-10-21T13:50:37.062Z] > git remote --verbose [2ms]
[2022-10-21T13:50:37.062Z] > git for-each-ref --sort -committerdate --format %(refname) %(objectname) %(*objectname) [6ms]
[2022-10-21T13:50:37.073Z] > git config --get commit.template [1ms]
[2022-10-21T13:53:38.206Z] > git fetch [1125ms]
[2022-10-21T13:53:38.238Z] > git status -z -uall [17ms]
[2022-10-21T13:53:38.246Z] > git symbolic-ref --short HEAD [1ms]
[2022-10-21T13:53:38.250Z] > git for-each-ref --format=%(refname)%00%(upstream:short)%00%(objectname) refs/heads/main refs/remotes/main [0ms]
[2022-10-21T13:53:38.255Z] > git rev-list --left-right --count main...origin/main [1ms]
[2022-10-21T13:53:38.267Z] > git remote --verbose [1ms]
[2022-10-21T13:53:38.267Z] > git for-each-ref --sort -committerdate --format %(refname) %(objectname) %(*objectname) [5ms]
[2022-10-21T13:53:38.276Z] > git config --get commit.template [0ms]
[2022-10-21T13:56:39.547Z] > git fetch [1260ms]
[2022-10-21T13:56:39.588Z] > git status -z -uall [19ms]
[2022-10-21T13:56:39.592Z] > git symbolic-ref --short HEAD [0ms]
[2022-10-21T13:56:39.597Z] > git for-each-ref --format=%(refname)%00%(upstream:short)%00%(objectname) refs/heads/main refs/remotes/main [1ms]
[2022-10-21T13:56:39.601Z] > git rev-list --left-right --count main...origin/main [0ms]
[2022-10-21T13:56:39.612Z] > git remote --verbose [1ms]
[2022-10-21T13:56:39.612Z] > git for-each-ref --sort -committerdate --format %(refname) %(objectname) %(*objectname) [5ms]
[2022-10-21T13:56:39.618Z] > git config --get commit.template [0ms]
[2022-10-21T14:00:27.788Z] > git fetch [1305ms]
[2022-10-21T14:00:27.821Z] > git status -z -uall [18ms]
[2022-10-21T14:00:27.827Z] > git symbolic-ref --short HEAD [0ms]
[2022-10-21T14:00:27.832Z] > git for-each-ref --format=%(refname)%00%(upstream:short)%00%(objectname) refs/heads/main refs/remotes/main [1ms]
[2022-10-21T14:00:27.836Z] > git rev-list --left-right --count main...origin/main [0ms]
[2022-10-21T14:00:27.847Z] > git remote --verbose [0ms]
[2022-10-21T14:00:27.848Z] > git for-each-ref --sort -committerdate --format %(refname) %(objectname) %(*objectname) [6ms]
[2022-10-21T14:00:27.855Z] > git config --get commit.template [1ms]
[2022-10-21T14:04:59.954Z] > git fetch [1357ms]
[2022-10-21T14:05:00.000Z] > git status -z -uall [32ms]
[2022-10-21T14:05:00.007Z] > git symbolic-ref --short HEAD [1ms]
[2022-10-21T14:05:00.013Z] > git for-each-ref --format=%(refname)%00%(upstream:short)%00%(objectname) refs/heads/main refs/remotes/main [1ms]
[2022-10-21T14:05:00.019Z] > git rev-list --left-right --count main...origin/main [1ms]
[2022-10-21T14:05:00.033Z] > git remote --verbose [1ms]
[2022-10-21T14:05:00.033Z] > git for-each-ref --sort -committerdate --format %(refname) %(objectname) %(*objectname) [6ms]
[2022-10-21T14:05:00.040Z] > git config --get commit.template [0ms]
[2022-10-21T14:08:01.406Z] > git fetch [1355ms]
[2022-10-21T14:08:01.443Z] > git status -z -uall [21ms]
[2022-10-21T14:08:01.449Z] > git symbolic-ref --short HEAD [1ms]
[2022-10-21T14:08:01.457Z] > git for-each-ref --format=%(refname)%00%(upstream:short)%00%(objectname) refs/heads/main refs/remotes/main [0ms]
[2022-10-21T14:08:01.462Z] > git rev-list --left-right --count main...origin/main [1ms]
[2022-10-21T14:08:01.475Z] > git remote --verbose [1ms]
[2022-10-21T14:08:01.475Z] > git for-each-ref --sort -committerdate --format %(refname) %(objectname) %(*objectname) [6ms]
[2022-10-21T14:08:01.481Z] > git config --get commit.template [0ms]
[2022-10-21T14:13:08.670Z] > git fetch [1116ms]
[2022-10-21T14:13:08.707Z] > git status -z -uall [24ms]
[2022-10-21T14:13:08.713Z] > git symbolic-ref --short HEAD [1ms]
[2022-10-21T14:13:08.719Z] > git for-each-ref --format=%(refname)%00%(upstream:short)%00%(objectname) refs/heads/main refs/remotes/main [0ms]
[2022-10-21T14:13:08.728Z] > git rev-list --left-right --count main...origin/main [0ms]
[2022-10-21T14:13:08.740Z] > git remote --verbose [1ms]
[2022-10-21T14:13:08.740Z] > git for-each-ref --sort -committerdate --format %(refname) %(objectname) %(*objectname) [5ms]
[2022-10-21T14:13:08.747Z] > git config --get commit.template [0ms]
[2022-10-21T14:14:37.605Z] > git show --textconv :type.json [11ms]
[2022-10-21T14:14:37.605Z] > git ls-files --stage -- /root/type.json [0ms]
[2022-10-21T14:14:37.615Z] > git cat-file -s 8bcaa729c8f33e0c40896e27fbdcd9ec4efd7d64 [1ms]
[2022-10-21T14:16:11.810Z] > git fetch [1314ms]
[2022-10-21T14:16:11.853Z] > git status -z -uall [21ms]
[2022-10-21T14:16:11.860Z] > git symbolic-ref --short HEAD [1ms]
[2022-10-21T14:16:11.866Z] > git for-each-ref --format=%(refname)%00%(upstream:short)%00%(objectname) refs/heads/main refs/remotes/main [0ms]
[2022-10-21T14:16:11.871Z] > git rev-list --left-right --count main...origin/main [0ms]
[2022-10-21T14:16:11.884Z] > git remote --verbose [1ms]
[2022-10-21T14:16:11.884Z] > git for-each-ref --sort -committerdate --format %(refname) %(objectname) %(*objectname) [6ms]
[2022-10-21T14:16:11.891Z] > git config --get commit.template [1ms]
[2022-10-21T14:19:13.188Z] > git fetch [1291ms]
[2022-10-21T14:19:13.223Z] > git status -z -uall [19ms]
[2022-10-21T14:19:13.231Z] > git symbolic-ref --short HEAD [0ms]
[2022-10-21T14:19:13.236Z] > git for-each-ref --format=%(refname)%00%(upstream:short)%00%(objectname) refs/heads/main refs/remotes/main [0ms]
[2022-10-21T14:19:13.242Z] > git rev-list --left-right --count main...origin/main [0ms]
[2022-10-21T14:19:13.255Z] > git remote --verbose [1ms]
[2022-10-21T14:19:13.255Z] > git for-each-ref --sort -committerdate --format %(refname) %(objectname) %(*objectname) [6ms]
[2022-10-21T14:19:13.261Z] > git config --get commit.template [0ms]
[2022-10-21T14:19:20.365Z] > git check-ignore -v -z --stdin [9ms]
[2022-10-21T14:22:14.519Z] > git fetch [1240ms]
[2022-10-21T14:22:14.590Z] > git status -z -uall [34ms]
[2022-10-21T14:22:14.606Z] > git symbolic-ref --short HEAD [1ms]
[2022-10-21T14:22:14.626Z] > git for-each-ref --format=%(refname)%00%(upstream:short)%00%(objectname) refs/heads/main refs/remotes/main [0ms]
[2022-10-21T14:22:14.639Z] > git rev-list --left-right --count main...origin/main [0ms]
[2022-10-21T14:22:14.667Z] > git remote --verbose [0ms]
[2022-10-21T14:22:14.668Z] > git for-each-ref --sort -committerdate --format %(refname) %(objectname) %(*objectname) [15ms]
[2022-10-21T14:22:14.696Z] > git config --get commit.template [0ms]
[2022-10-21T14:25:26.278Z] > git fetch [1289ms]
[2022-10-21T14:25:26.317Z] > git status -z -uall [25ms]
[2022-10-21T14:25:26.323Z] > git symbolic-ref --short HEAD [0ms]
[2022-10-21T14:25:26.329Z] > git for-each-ref --format=%(refname)%00%(upstream:short)%00%(objectname) refs/heads/main refs/remotes/main [1ms]
[2022-10-21T14:25:26.336Z] > git rev-list --left-right --count main...origin/main [0ms]
[2022-10-21T14:25:26.349Z] > git remote --verbose [2ms]
[2022-10-21T14:25:26.349Z] > git for-each-ref --sort -committerdate --format %(refname) %(objectname) %(*objectname) [6ms]
[2022-10-21T14:25:26.356Z] > git config --get commit.template [0ms]
[2022-10-21T14:28:42.383Z] > git fetch [1336ms]
[2022-10-21T14:28:42.421Z] > git status -z -uall [25ms]
[2022-10-21T14:28:42.428Z] > git symbolic-ref --short HEAD [1ms]
[2022-10-21T14:28:42.435Z] > git for-each-ref --format=%(refname)%00%(upstream:short)%00%(objectname) refs/heads/main refs/remotes/main [1ms]
[2022-10-21T14:28:42.441Z] > git rev-list --left-right --count main...origin/main [1ms]
[2022-10-21T14:28:42.453Z] > git remote --verbose [0ms]
[2022-10-21T14:28:42.453Z] > git for-each-ref --sort -committerdate --format %(refname) %(objectname) %(*objectname) [4ms]
[2022-10-21T14:28:42.459Z] > git config --get commit.template [0ms]
[2022-10-21T14:33:04.425Z] > git fetch [1244ms]
[2022-10-21T14:33:04.458Z] > git status -z -uall [21ms]
[2022-10-21T14:33:04.463Z] > git symbolic-ref --short HEAD [0ms]
[2022-10-21T14:33:04.468Z] > git for-each-ref --format=%(refname)%00%(upstream:short)%00%(objectname) refs/heads/main refs/remotes/main [1ms]
[2022-10-21T14:33:04.472Z] > git rev-list --left-right --count main...origin/main [0ms]
[2022-10-21T14:33:04.483Z] > git remote --verbose [1ms]
[2022-10-21T14:33:04.484Z] > git for-each-ref --sort -committerdate --format %(refname) %(objectname) %(*objectname) [6ms]
[2022-10-21T14:33:04.490Z] > git config --get commit.template [1ms]
[2022-10-21T14:36:05.639Z] > git fetch [1143ms]
[2022-10-21T14:36:05.671Z] > git status -z -uall [11ms]
[2022-10-21T14:36:05.676Z] > git symbolic-ref --short HEAD [0ms]
[2022-10-21T14:36:05.682Z] > git for-each-ref --format=%(refname)%00%(upstream:short)%00%(objectname) refs/heads/main refs/remotes/main [1ms]
[2022-10-21T14:36:05.686Z] > git rev-list --left-right --count main...origin/main [0ms]
[2022-10-21T14:36:05.699Z] > git remote --verbose [2ms]
[2022-10-21T14:36:05.700Z] > git for-each-ref --sort -committerdate --format %(refname) %(objectname) %(*objectname) [7ms]
[2022-10-21T14:36:05.710Z] > git config --get commit.template [0ms]
[2022-10-21T14:39:06.988Z] > git fetch [1268ms]
[2022-10-21T14:39:07.026Z] > git status -z -uall [16ms]
[2022-10-21T14:39:07.032Z] > git symbolic-ref --short HEAD [1ms]
[2022-10-21T14:39:07.037Z] > git for-each-ref --format=%(refname)%00%(upstream:short)%00%(objectname) refs/heads/main refs/remotes/main [1ms]
[2022-10-21T14:39:07.043Z] > git rev-list --left-right --count main...origin/main [1ms]
[2022-10-21T14:39:07.054Z] > git remote --verbose [0ms]
[2022-10-21T14:39:07.055Z] > git for-each-ref --sort -committerdate --format %(refname) %(objectname) %(*objectname) [5ms]
[2022-10-21T14:39:07.061Z] > git config --get commit.template [1ms]
[2022-10-21T14:42:08.255Z] > git fetch [1187ms]
[2022-10-21T14:42:08.288Z] > git status -z -uall [16ms]
[2022-10-21T14:42:08.295Z] > git symbolic-ref --short HEAD [0ms]
[2022-10-21T14:42:08.300Z] > git for-each-ref --format=%(refname)%00%(upstream:short)%00%(objectname) refs/heads/main refs/remotes/main [0ms]
[2022-10-21T14:42:08.305Z] > git rev-list --left-right --count main...origin/main [1ms]
[2022-10-21T14:42:08.315Z] > git remote --verbose [0ms]
[2022-10-21T14:42:08.316Z] > git for-each-ref --sort -committerdate --format %(refname) %(objectname) %(*objectname) [6ms]
[2022-10-21T14:42:08.323Z] > git config --get commit.template [0ms]
[2022-10-21T14:44:08.121Z] > git show --textconv :NMS.py [9ms]
[2022-10-21T14:44:08.121Z] > git ls-files --stage -- /root/NMS.py [0ms]
[2022-10-21T14:44:08.130Z] > git cat-file -s 71066ec96b251f7c7b2ca04dd56ddc8c9666a564 [1ms]
[2022-10-21T14:45:49.271Z] > git fetch [1334ms]
[2022-10-21T14:45:49.308Z] > git status -z -uall [21ms]
[2022-10-21T14:45:49.316Z] > git symbolic-ref --short HEAD [0ms]
[2022-10-21T14:45:49.321Z] > git for-each-ref --format=%(refname)%00%(upstream:short)%00%(objectname) refs/heads/main refs/remotes/main [0ms]
[2022-10-21T14:45:49.330Z] > git rev-list --left-right --count main...origin/main [1ms]
[2022-10-21T14:45:49.341Z] > git remote --verbose [1ms]
[2022-10-21T14:45:49.341Z] > git for-each-ref --sort -committerdate --format %(refname) %(objectname) %(*objectname) [5ms]
[2022-10-21T14:45:49.350Z] > git config --get commit.template [1ms]
[2022-10-21T14:50:30.141Z] > git fetch [1309ms]
[2022-10-21T14:50:30.186Z] > git status -z -uall [20ms]
[2022-10-21T14:50:30.191Z] > git symbolic-ref --short HEAD [0ms]
[2022-10-21T14:50:30.209Z] > git for-each-ref --format=%(refname)%00%(upstream:short)%00%(objectname) refs/heads/main refs/remotes/main [1ms]
[2022-10-21T14:50:30.214Z] > git rev-list --left-right --count main...origin/main [1ms]
[2022-10-21T14:50:30.242Z] > git remote --verbose [1ms]
[2022-10-21T14:50:30.242Z] > git for-each-ref --sort -committerdate --format %(refname) %(objectname) %(*objectname) [6ms]
[2022-10-21T14:50:30.248Z] > git config --get commit.template [0ms]
[2022-10-21T14:54:24.871Z] > git fetch [1292ms]
[2022-10-21T14:54:24.909Z] > git status -z -uall [22ms]
[2022-10-21T14:54:24.916Z] > git symbolic-ref --short HEAD [0ms]
[2022-10-21T14:54:24.926Z] > git for-each-ref --format=%(refname)%00%(upstream:short)%00%(objectname) refs/heads/main refs/remotes/main [1ms]
[2022-10-21T14:54:24.934Z] > git rev-list --left-right --count main...origin/main [1ms]
[2022-10-21T14:54:24.950Z] > git remote --verbose [1ms]
[2022-10-21T14:54:24.950Z] > git for-each-ref --sort -committerdate --format %(refname) %(objectname) %(*objectname) [7ms]
[2022-10-21T14:54:24.957Z] > git config --get commit.template [1ms]
[2022-10-21T14:58:55.401Z] > git fetch [1195ms]
[2022-10-21T14:58:55.434Z] > git status -z -uall [21ms]
[2022-10-21T14:58:55.444Z] > git symbolic-ref --short HEAD [1ms]
[2022-10-21T14:58:55.455Z] > git for-each-ref --format=%(refname)%00%(upstream:short)%00%(objectname) refs/heads/main refs/remotes/main [0ms]
[2022-10-21T14:58:55.465Z] > git rev-list --left-right --count main...origin/main [1ms]
[2022-10-21T14:58:55.482Z] > git remote --verbose [0ms]
[2022-10-21T14:58:55.483Z] > git for-each-ref --sort -committerdate --format %(refname) %(objectname) %(*objectname) [6ms]
[2022-10-21T14:58:55.489Z] > git config --get commit.template [1ms]
[2022-10-21T15:02:06.078Z] > git fetch [1322ms]
[2022-10-21T15:02:06.113Z] > git status -z -uall [18ms]
[2022-10-21T15:02:06.117Z] > git symbolic-ref --short HEAD [0ms]
[2022-10-21T15:02:06.122Z] > git for-each-ref --format=%(refname)%00%(upstream:short)%00%(objectname) refs/heads/main refs/remotes/main [0ms]
[2022-10-21T15:02:06.133Z] > git rev-list --left-right --count main...origin/main [1ms]
[2022-10-21T15:02:06.143Z] > git remote --verbose [0ms]
[2022-10-21T15:02:06.143Z] > git for-each-ref --sort -committerdate --format %(refname) %(objectname) %(*objectname) [4ms]
[2022-10-21T15:02:06.149Z] > git config --get commit.template [0ms]
[2022-10-21T15:05:07.460Z] > git fetch [1297ms]
[2022-10-21T15:05:07.495Z] > git status -z -uall [20ms]
[2022-10-21T15:05:07.502Z] > git symbolic-ref --short HEAD [0ms]
[2022-10-21T15:05:07.508Z] > git for-each-ref --format=%(refname)%00%(upstream:short)%00%(objectname) refs/heads/main refs/remotes/main [0ms]
[2022-10-21T15:05:07.514Z] > git rev-list --left-right --count main...origin/main [0ms]
[2022-10-21T15:05:07.528Z] > git remote --verbose [0ms]
[2022-10-21T15:05:07.528Z] > git for-each-ref --sort -committerdate --format %(refname) %(objectname) %(*objectname) [5ms]
[2022-10-21T15:05:07.537Z] > git config --get commit.template [0ms]
[2022-10-21T15:08:08.984Z] > git fetch [1437ms]
[2022-10-21T15:08:09.016Z] > git status -z -uall [10ms]
[2022-10-21T15:08:09.021Z] > git symbolic-ref --short HEAD [1ms]
[2022-10-21T15:08:09.025Z] > git for-each-ref --format=%(refname)%00%(upstream:short)%00%(objectname) refs/heads/main refs/remotes/main [0ms]
[2022-10-21T15:08:09.031Z] > git rev-list --left-right --count main...origin/main [0ms]
[2022-10-21T15:08:09.041Z] > git remote --verbose [1ms]
[2022-10-21T15:08:09.041Z] > git for-each-ref --sort -committerdate --format %(refname) %(objectname) %(*objectname) [5ms]
[2022-10-21T15:08:09.048Z] > git config --get commit.template [1ms]
[2022-10-21T15:11:10.270Z] > git fetch [1216ms]
[2022-10-21T15:11:10.310Z] > git status -z -uall [23ms]
[2022-10-21T15:11:10.318Z] > git symbolic-ref --short HEAD [0ms]
[2022-10-21T15:11:10.323Z] > git for-each-ref --format=%(refname)%00%(upstream:short)%00%(objectname) refs/heads/main refs/remotes/main [1ms]
[2022-10-21T15:11:10.331Z] > git rev-list --left-right --count main...origin/main [1ms]
[2022-10-21T15:11:10.346Z] > git remote --verbose [1ms]
[2022-10-21T15:11:10.346Z] > git for-each-ref --sort -committerdate --format %(refname) %(objectname) %(*objectname) [8ms]
[2022-10-21T15:11:10.359Z] > git config --get commit.template [1ms]
[2022-10-21T15:14:11.796Z] > git fetch [1431ms]
[2022-10-21T15:14:11.827Z] > git status -z -uall [11ms]
[2022-10-21T15:14:11.832Z] > git symbolic-ref --short HEAD [0ms]
[2022-10-21T15:14:11.838Z] > git for-each-ref --format=%(refname)%00%(upstream:short)%00%(objectname) refs/heads/main refs/remotes/main [1ms]
[2022-10-21T15:14:11.846Z] > git rev-list --left-right --count main...origin/main [0ms]
[2022-10-21T15:14:11.857Z] > git remote --verbose [1ms]
[2022-10-21T15:14:11.857Z] > git for-each-ref --sort -committerdate --format %(refname) %(objectname) %(*objectname) [4ms]
[2022-10-21T15:14:11.864Z] > git config --get commit.template [1ms]
[2022-10-21T16:15:24.000Z] > git fetch [45ms]
[2022-10-21T16:15:24.000Z] ssh: Could not resolve hostname github.com: Name or service not known
fatal: Could not read from remote repository.

Please make sure you have the correct access rights
and the repository exists.
[2022-10-21T16:18:42.116Z] > git fetch [1545ms]
[2022-10-21T16:18:42.153Z] > git status -z -uall [21ms]
[2022-10-21T16:18:42.166Z] > git symbolic-ref --short HEAD [1ms]
[2022-10-21T16:18:42.170Z] > git for-each-ref --format=%(refname)%00%(upstream:short)%00%(objectname) refs/heads/main refs/remotes/main [1ms]
[2022-10-21T16:18:42.190Z] > git rev-list --left-right --count main...origin/main [1ms]
[2022-10-21T16:18:42.201Z] > git remote --verbose [1ms]
[2022-10-21T16:18:42.201Z] > git for-each-ref --sort -committerdate --format %(refname) %(objectname) %(*objectname) [4ms]
[2022-10-21T16:18:42.209Z] > git config --get commit.template [0ms]
[2022-10-21T16:22:47.471Z] > git fetch [1517ms]
[2022-10-21T16:22:47.503Z] > git status -z -uall [16ms]
[2022-10-21T16:22:47.510Z] > git symbolic-ref --short HEAD [0ms]
[2022-10-21T16:22:47.515Z] > git for-each-ref --format=%(refname)%00%(upstream:short)%00%(objectname) refs/heads/main refs/remotes/main [1ms]
[2022-10-21T16:22:47.523Z] > git rev-list --left-right --count main...origin/main [0ms]
[2022-10-21T16:22:47.533Z] > git remote --verbose [0ms]
[2022-10-21T16:22:47.534Z] > git for-each-ref --sort -committerdate --format %(refname) %(objectname) %(*objectname) [6ms]
[2022-10-21T16:22:47.541Z] > git config --get commit.template [0ms]
[2022-10-21T16:25:49.417Z] > git fetch [1863ms]
[2022-10-21T16:25:49.455Z] > git status -z -uall [26ms]
[2022-10-21T16:25:49.460Z] > git symbolic-ref --short HEAD [1ms]
[2022-10-21T16:25:49.465Z] > git for-each-ref --format=%(refname)%00%(upstream:short)%00%(objectname) refs/heads/main refs/remotes/main [1ms]
[2022-10-21T16:25:49.469Z] > git rev-list --left-right --count main...origin/main [1ms]
[2022-10-21T16:25:49.479Z] > git remote --verbose [1ms]
[2022-10-21T16:25:49.479Z] > git for-each-ref --sort -committerdate --format %(refname) %(objectname) %(*objectname) [4ms]
[2022-10-21T16:25:49.485Z] > git config --get commit.template [0ms]
[2022-10-21T16:28:53.356Z] > git fetch [3232ms]
[2022-10-21T16:28:53.399Z] > git status -z -uall [27ms]
[2022-10-21T16:28:53.404Z] > git symbolic-ref --short HEAD [1ms]
[2022-10-21T16:28:53.409Z] > git for-each-ref --format=%(refname)%00%(upstream:short)%00%(objectname) refs/heads/main refs/remotes/main [0ms]
[2022-10-21T16:28:53.415Z] > git rev-list --left-right --count main...origin/main [0ms]
[2022-10-21T16:28:53.438Z] > git remote --verbose [1ms]
[2022-10-21T16:28:53.439Z] > git for-each-ref --sort -committerdate --format %(refname) %(objectname) %(*objectname) [13ms]
[2022-10-21T16:28:53.448Z] > git config --get commit.template [1ms]
[2022-10-21T16:31:55.391Z] > git fetch [1938ms]
[2022-10-21T16:31:55.422Z] > git status -z -uall [16ms]
[2022-10-21T16:31:55.427Z] > git symbolic-ref --short HEAD [1ms]
[2022-10-21T16:31:55.433Z] > git for-each-ref --format=%(refname)%00%(upstream:short)%00%(objectname) refs/heads/main refs/remotes/main [0ms]
[2022-10-21T16:31:55.438Z] > git rev-list --left-right --count main...origin/main [1ms]
[2022-10-21T16:31:55.449Z] > git remote --verbose [0ms]
[2022-10-21T16:31:55.449Z] > git for-each-ref --sort -committerdate --format %(refname) %(objectname) %(*objectname) [6ms]
[2022-10-21T16:31:55.455Z] > git config --get commit.template [1ms]
[2022-10-21T16:34:57.466Z] > git fetch [2001ms]
[2022-10-21T16:34:57.504Z] > git status -z -uall [19ms]
[2022-10-21T16:34:57.509Z] > git symbolic-ref --short HEAD [1ms]
[2022-10-21T16:34:57.513Z] > git for-each-ref --format=%(refname)%00%(upstream:short)%00%(objectname) refs/heads/main refs/remotes/main [0ms]
[2022-10-21T16:34:57.523Z] > git rev-list --left-right --count main...origin/main [1ms]
[2022-10-21T16:34:57.532Z] > git remote --verbose [0ms]
[2022-10-21T16:34:57.532Z] > git for-each-ref --sort -committerdate --format %(refname) %(objectname) %(*objectname) [4ms]
[2022-10-21T16:34:57.542Z] > git config --get commit.template [1ms]
[2022-10-21T16:37:59.324Z] > git fetch [1741ms]
[2022-10-21T16:37:59.368Z] > git status -z -uall [27ms]
[2022-10-21T16:37:59.374Z] > git symbolic-ref --short HEAD [1ms]
[2022-10-21T16:37:59.380Z] > git for-each-ref --format=%(refname)%00%(upstream:short)%00%(objectname) refs/heads/main refs/remotes/main [1ms]
[2022-10-21T16:37:59.386Z] > git rev-list --left-right --count main...origin/main [0ms]
[2022-10-21T16:37:59.399Z] > git remote --verbose [1ms]
[2022-10-21T16:37:59.399Z] > git for-each-ref --sort -committerdate --format %(refname) %(objectname) %(*objectname) [6ms]
[2022-10-21T16:37:59.405Z] > git config --get commit.template [0ms]
[2022-10-21T16:43:25.622Z] > git fetch [2010ms]
[2022-10-21T16:43:25.661Z] > git status -z -uall [24ms]
[2022-10-21T16:43:25.667Z] > git symbolic-ref --short HEAD [1ms]
[2022-10-21T16:43:25.671Z] > git for-each-ref --format=%(refname)%00%(upstream:short)%00%(objectname) refs/heads/main refs/remotes/main [0ms]
[2022-10-21T16:43:25.677Z] > git rev-list --left-right --count main...origin/main [1ms]
[2022-10-21T16:43:25.693Z] > git remote --verbose [1ms]
[2022-10-21T16:43:25.693Z] > git for-each-ref --sort -committerdate --format %(refname) %(objectname) %(*objectname) [6ms]
[2022-10-21T16:43:25.701Z] > git config --get commit.template [1ms]
[2022-10-21T16:46:27.443Z] > git fetch [1731ms]
[2022-10-21T16:46:27.483Z] > git status -z -uall [24ms]
[2022-10-21T16:46:27.488Z] > git symbolic-ref --short HEAD [0ms]
[2022-10-21T16:46:27.493Z] > git for-each-ref --format=%(refname)%00%(upstream:short)%00%(objectname) refs/heads/main refs/remotes/main [0ms]
[2022-10-21T16:46:27.499Z] > git rev-list --left-right --count main...origin/main [0ms]
[2022-10-21T16:46:27.512Z] > git remote --verbose [1ms]
[2022-10-21T16:46:27.512Z] > git for-each-ref --sort -committerdate --format %(refname) %(objectname) %(*objectname) [5ms]
[2022-10-21T16:46:27.518Z] > git config --get commit.template [0ms]
[2022-10-21T16:49:29.269Z] > git fetch [1741ms]
[2022-10-21T16:49:29.309Z] > git status -z -uall [18ms]
[2022-10-21T16:49:29.315Z] > git symbolic-ref --short HEAD [1ms]
[2022-10-21T16:49:29.319Z] > git for-each-ref --format=%(refname)%00%(upstream:short)%00%(objectname) refs/heads/main refs/remotes/main [0ms]
[2022-10-21T16:49:29.326Z] > git rev-list --left-right --count main...origin/main [1ms]
[2022-10-21T16:49:29.345Z] > git remote --verbose [1ms]
[2022-10-21T16:49:29.345Z] > git for-each-ref --sort -committerdate --format %(refname) %(objectname) %(*objectname) [8ms]
[2022-10-21T16:49:29.351Z] > git config --get commit.template [0ms]
[2022-10-21T16:52:31.407Z] > git fetch [2039ms]
[2022-10-21T16:52:31.467Z] > git status -z -uall [36ms]
[2022-10-21T16:52:31.472Z] > git symbolic-ref --short HEAD [0ms]
[2022-10-21T16:52:31.477Z] > git for-each-ref --format=%(refname)%00%(upstream:short)%00%(objectname) refs/heads/main refs/remotes/main [0ms]
[2022-10-21T16:52:31.483Z] > git rev-list --left-right --count main...origin/main [1ms]
[2022-10-21T16:52:31.497Z] > git remote --verbose [1ms]
[2022-10-21T16:52:31.497Z] > git for-each-ref --sort -committerdate --format %(refname) %(objectname) %(*objectname) [8ms]
[2022-10-21T16:52:31.506Z] > git config --get commit.template [1ms]
[2022-10-21T16:55:33.436Z] > git fetch [1909ms]
[2022-10-21T16:55:33.483Z] > git status -z -uall [27ms]
[2022-10-21T16:55:33.489Z] > git symbolic-ref --short HEAD [1ms]
[2022-10-21T16:55:33.494Z] > git for-each-ref --format=%(refname)%00%(upstream:short)%00%(objectname) refs/heads/main refs/remotes/main [0ms]
[2022-10-21T16:55:33.499Z] > git rev-list --left-right --count main...origin/main [0ms]
[2022-10-21T16:55:33.511Z] > git remote --verbose [1ms]
[2022-10-21T16:55:33.511Z] > git for-each-ref --sort -committerdate --format %(refname) %(objectname) %(*objectname) [5ms]
[2022-10-21T16:55:33.527Z] > git config --get commit.template [1ms]
[2022-10-21T16:58:06.496Z] > git show --textconv :type.json [14ms]
[2022-10-21T16:58:06.496Z] > git ls-files --stage -- /root/type.json [1ms]
[2022-10-21T16:58:06.506Z] > git cat-file -s 8bcaa729c8f33e0c40896e27fbdcd9ec4efd7d64 [1ms]
[2022-10-21T16:58:35.144Z] > git fetch [1599ms]
[2022-10-21T16:58:35.190Z] > git status -z -uall [29ms]
[2022-10-21T16:58:35.197Z] > git symbolic-ref --short HEAD [1ms]
[2022-10-21T16:58:35.202Z] > git for-each-ref --format=%(refname)%00%(upstream:short)%00%(objectname) refs/heads/main refs/remotes/main [0ms]
[2022-10-21T16:58:35.207Z] > git rev-list --left-right --count main...origin/main [1ms]
[2022-10-21T16:58:35.223Z] > git remote --verbose [1ms]
[2022-10-21T16:58:35.223Z] > git for-each-ref --sort -committerdate --format %(refname) %(objectname) %(*objectname) [6ms]
[2022-10-21T16:58:35.231Z] > git config --get commit.template [0ms]
[2022-10-21T16:59:27.743Z] > git show --textconv :equipment.json [11ms]
[2022-10-21T16:59:27.744Z] > git ls-files --stage -- /root/equipment.json [1ms]
[2022-10-21T16:59:27.752Z] > git cat-file -s 48117585f5c8ddd87fc562718f20c3ecbac04c28 [4ms]
[2022-10-21T16:59:29.804Z] > git show --textconv :NMS.py [9ms]
[2022-10-21T16:59:29.805Z] > git ls-files --stage -- /root/NMS.py [1ms]
[2022-10-21T16:59:29.811Z] > git cat-file -s 71066ec96b251f7c7b2ca04dd56ddc8c9666a564 [1ms]
