[2022-10-20T11:47:34.872Z] Log level: Info
[2022-10-20T11:47:34.912Z] [info] Validating found git in: git
[2022-10-20T11:47:35.153Z] [info] Using git 1.8.3.1 from git
[2022-10-20T11:47:35.808Z] > git rev-parse --show-toplevel [346ms]
[2022-10-20T11:47:35.808Z] fatal: Not a git repository (or any of the parent directories): .git
[2022-10-20T11:47:36.335Z] > git rev-parse --show-toplevel [103ms]
[2022-10-20T11:47:36.411Z] > git rev-parse --git-dir --git-common-dir [3ms]
[2022-10-20T11:47:36.482Z] [info] Open repository: /root
[2022-10-20T11:47:36.984Z] > git rev-parse --show-toplevel [175ms]
[2022-10-20T11:47:36.984Z] fatal: Not a git repository (or any parent up to mount point /boot)
Stopping at filesystem boundary (GIT_DISCOVERY_ACROSS_FILESYSTEM not set).
[2022-10-20T11:47:37.603Z] > git status -z -uall [950ms]
[2022-10-20T11:47:37.651Z] > git rev-parse --show-toplevel [511ms]
[2022-10-20T11:47:37.651Z] fatal: Not a git repository (or any parent up to mount point /dev)
Stopping at filesystem boundary (GIT_DISCOVERY_ACROSS_FILESYSTEM not set).
[2022-10-20T11:47:37.816Z] > git rev-parse --show-toplevel [3ms]
[2022-10-20T11:47:37.816Z] fatal: Not a git repository (or any of the parent directories): .git
[2022-10-20T11:47:37.837Z] > git symbolic-ref --short HEAD [189ms]
[2022-10-20T11:47:37.877Z] > git fetch [1309ms]
[2022-10-20T11:47:37.877Z] Permission denied (publickey).
fatal: Could not read from remote repository.

Please make sure you have the correct access rights
and the repository exists.
[2022-10-20T11:47:37.881Z] > git for-each-ref --format=%(refname)%00%(upstream:short)%00%(objectname) refs/heads/main refs/remotes/main [5ms]
[2022-10-20T11:47:37.981Z] > git rev-parse --show-toplevel [144ms]
[2022-10-20T11:47:37.981Z] fatal: Not a git repository (or any of the parent directories): .git
[2022-10-20T11:47:38.012Z] > git rev-parse --show-toplevel [2ms]
[2022-10-20T11:47:38.012Z] fatal: Not a git repository (or any of the parent directories): .git
[2022-10-20T11:47:38.049Z] > git remote --verbose [70ms]
[2022-10-20T11:47:38.050Z] > git for-each-ref --sort -committerdate --format %(refname) %(objectname) %(*objectname) [131ms]
[2022-10-20T11:47:38.069Z] > git rev-parse --show-toplevel [20ms]
[2022-10-20T11:47:38.069Z] fatal: Not a git repository (or any of the parent directories): .git
[2022-10-20T11:47:38.157Z] > git rev-parse --show-toplevel [49ms]
[2022-10-20T11:47:38.157Z] fatal: Not a git repository (or any of the parent directories): .git
[2022-10-20T11:47:38.182Z] > git rev-parse --show-toplevel [7ms]
[2022-10-20T11:47:38.182Z] fatal: Not a git repository (or any parent up to mount point /proc)
Stopping at filesystem boundary (GIT_DISCOVERY_ACROSS_FILESYSTEM not set).
[2022-10-20T11:47:38.237Z] > git config --get commit.template [87ms]
[2022-10-20T11:47:38.287Z] > git rev-parse --show-toplevel [50ms]
[2022-10-20T11:47:38.287Z] fatal: Not a git repository (or any parent up to mount point /run)
Stopping at filesystem boundary (GIT_DISCOVERY_ACROSS_FILESYSTEM not set).
[2022-10-20T11:47:38.435Z] > git rev-parse --show-toplevel [98ms]
[2022-10-20T11:47:38.435Z] fatal: Not a git repository (or any of the parent directories): .git
[2022-10-20T11:47:38.598Z] > git status -z -uall [312ms]
[2022-10-20T11:47:38.658Z] > git rev-parse --show-toplevel [63ms]
[2022-10-20T11:47:38.658Z] fatal: Not a git repository (or any parent up to mount point /sys)
Stopping at filesystem boundary (GIT_DISCOVERY_ACROSS_FILESYSTEM not set).
[2022-10-20T11:47:38.714Z] > git rev-parse --show-toplevel [0ms]
[2022-10-20T11:47:38.715Z] fatal: Not a git repository (or any of the parent directories): .git
[2022-10-20T11:47:38.754Z] > git symbolic-ref --short HEAD [97ms]
[2022-10-20T11:47:38.763Z] > git for-each-ref --format=%(refname)%00%(upstream:short)%00%(objectname) refs/heads/main refs/remotes/main [3ms]
[2022-10-20T11:47:38.842Z] > git rev-parse --show-toplevel [89ms]
[2022-10-20T11:47:38.842Z] fatal: Not a git repository (or any of the parent directories): .git
[2022-10-20T11:47:38.877Z] > git rev-parse --show-toplevel [1ms]
[2022-10-20T11:47:38.877Z] fatal: Not a git repository (or any of the parent directories): .git
[2022-10-20T11:47:38.884Z] > git remote --verbose [42ms]
[2022-10-20T11:47:38.885Z] > git for-each-ref --sort -committerdate --format %(refname) %(objectname) %(*objectname) [65ms]
[2022-10-20T11:47:38.939Z] > git config --get commit.template [1ms]
[2022-10-20T11:47:39.422Z] > git show --textconv :equipment.json [20ms]
[2022-10-20T11:47:39.422Z] > git ls-files --stage -- /root/equipment.json [1ms]
[2022-10-20T11:47:39.437Z] > git cat-file -s b2ea4a124e3ca02ddd97e01113b187e56134396f [1ms]
[2022-10-20T11:47:39.611Z] > git check-ignore -v -z --stdin [16ms]
[2022-10-20T11:47:45.822Z] > git show --textconv :type.json [60ms]
[2022-10-20T11:47:45.822Z] > git ls-files --stage -- /root/type.json [1ms]
[2022-10-20T11:47:45.862Z] > git cat-file -s 5dcd60a8d98a8bc52c195d25b594440e53f4ffdd [1ms]
[2022-10-20T11:47:46.194Z] > git check-ignore -v -z --stdin [41ms]
[2022-10-20T11:50:38.550Z] > git fetch [666ms]
[2022-10-20T11:50:38.550Z] Permission denied (publickey).
fatal: Could not read from remote repository.

Please make sure you have the correct access rights
and the repository exists.
