[2022-10-21 13:21:14.676] [exthost] [info] Extension host with pid 1511 started
[2022-10-21 13:21:14.720] [exthost] [error] Error: EEXIST: file already exists, open '/root/.vscode-server/data/User/workspaceStorage/0cb5757dd0d65051c58bb058b676fa48/vscode.lock'
[2022-10-21 13:21:14.793] [exthost] [info] Lock '/root/.vscode-server/data/User/workspaceStorage/0cb5757dd0d65051c58bb058b676fa48/vscode.lock': Could not acquire lock, checking if the file is stale.
[2022-10-21 13:21:14.818] [exthost] [info] Lock '/root/.vscode-server/data/User/workspaceStorage/0cb5757dd0d65051c58bb058b676fa48/vscode.lock': The lock looks stale, waiting for 2s.
[2022-10-21 13:21:14.990] [exthost] [info] ExtensionService#_doActivateExtension vscode.configuration-editing, startup: false, activationEvent: 'onLanguage:json'
[2022-10-21 13:21:15.044] [exthost] [info] ExtensionService#_doActivateExtension vscode.extension-editing, startup: false, activationEvent: 'onLanguage:json'
[2022-10-21 13:21:15.045] [exthost] [info] ExtensionService#_doActivateExtension vscode.json-language-features, startup: false, activationEvent: 'onLanguage:json'
[2022-10-21 13:21:15.045] [exthost] [info] ExtensionService#_doActivateExtension vscode.npm, startup: false, activationEvent: 'onLanguage:json'
[2022-10-21 13:21:15.045] [exthost] [info] ExtensionService#_doActivateExtension vscode.debug-auto-launch, startup: true, activationEvent: '*'
[2022-10-21 13:21:15.046] [exthost] [info] ExtensionService#_doActivateExtension vscode.git-base, startup: true, activationEvent: '*', root cause: vscode.git
[2022-10-21 13:21:15.046] [exthost] [info] ExtensionService#_doActivateExtension vscode.ipynb, startup: true, activationEvent: '*'
[2022-10-21 13:21:16.426] [exthost] [info] ExtensionService#_doActivateExtension vscode.typescript-language-features, startup: false, activationEvent: 'onLanguage:jsonc'
[2022-10-21 13:21:16.831] [exthost] [info] Lock '/root/.vscode-server/data/User/workspaceStorage/0cb5757dd0d65051c58bb058b676fa48/vscode.lock': The lock looks stale even after waiting for 2s.
[2022-10-21 13:21:16.831] [exthost] [info] Lock '/root/.vscode-server/data/User/workspaceStorage/0cb5757dd0d65051c58bb058b676fa48/vscode.lock': Deleting a stale lock.
[2022-10-21 13:21:16.948] [exthost] [info] Lock '/root/.vscode-server/data/User/workspaceStorage/0cb5757dd0d65051c58bb058b676fa48/vscode.lock': Lock acquired.
[2022-10-21 13:21:17.090] [exthost] [info] ExtensionService#_doActivateExtension vscode.git, startup: true, activationEvent: '*'
[2022-10-21 13:21:17.091] [exthost] [info] ExtensionService#_doActivateExtension vscode.github, startup: true, activationEvent: '*'
[2022-10-21 13:21:17.783] [exthost] [info] ExtensionService#_doActivateExtension vscode.emmet, startup: false, activationEvent: 'onStartupFinished'
[2022-10-21 13:21:17.784] [exthost] [info] ExtensionService#_doActivateExtension vscode.merge-conflict, startup: false, activationEvent: 'onStartupFinished'
[2022-10-21 13:21:17.784] [exthost] [info] Eager extensions activated
