[2022-10-14 15:41:17.482] [exthost] [info] Extension host with pid 5108 started
[2022-10-14 15:41:17.491] [exthost] [error] Error: EEXIST: file already exists, open '/root/.vscode-server/data/User/workspaceStorage/0cb5757dd0d65051c58bb058b676fa48/vscode.lock'
[2022-10-14 15:41:17.494] [exthost] [info] Lock '/root/.vscode-server/data/User/workspaceStorage/0cb5757dd0d65051c58bb058b676fa48/vscode.lock': Could not acquire lock, checking if the file is stale.
[2022-10-14 15:41:17.525] [exthost] [info] Lock '/root/.vscode-server/data/User/workspaceStorage/0cb5757dd0d65051c58bb058b676fa48/vscode.lock': The lock does not look stale, elapsed: 923 ms, giving up.
[2022-10-14 15:41:17.597] [exthost] [info] ExtensionService#_doActivateExtension vscode.debug-auto-launch, startup: true, activationEvent: '*'
[2022-10-14 15:41:17.598] [exthost] [info] ExtensionService#_doActivateExtension vscode.git-base, startup: true, activationEvent: '*', root cause: vscode.git
[2022-10-14 15:41:17.598] [exthost] [info] ExtensionService#_doActivateExtension vscode.ipynb, startup: true, activationEvent: '*'
[2022-10-14 15:41:17.787] [exthost] [info] Lock '/root/.vscode-server/data/User/workspaceStorage/0cb5757dd0d65051c58bb058b676fa48-1/vscode.lock': Lock acquired.
[2022-10-14 15:41:18.090] [exthost] [info] ExtensionService#_doActivateExtension vscode.git, startup: true, activationEvent: '*'
[2022-10-14 15:41:18.091] [exthost] [info] ExtensionService#_doActivateExtension vscode.github, startup: true, activationEvent: '*'
[2022-10-14 15:41:18.961] [exthost] [info] ExtensionService#_doActivateExtension vscode.emmet, startup: false, activationEvent: 'onStartupFinished'
[2022-10-14 15:41:18.962] [exthost] [info] ExtensionService#_doActivateExtension vscode.merge-conflict, startup: false, activationEvent: 'onStartupFinished'
[2022-10-14 15:41:18.962] [exthost] [info] Eager extensions activated
[2022-10-14 16:07:46.835] [exthost] [info] ExtensionService#_doActivateExtension vscode.configuration-editing, startup: false, activationEvent: 'onLanguage:json'
[2022-10-14 16:07:46.836] [exthost] [info] ExtensionService#_doActivateExtension vscode.extension-editing, startup: false, activationEvent: 'onLanguage:json'
[2022-10-14 16:07:46.836] [exthost] [info] ExtensionService#_doActivateExtension vscode.json-language-features, startup: false, activationEvent: 'onLanguage:json'
[2022-10-14 16:07:46.837] [exthost] [info] ExtensionService#_doActivateExtension vscode.npm, startup: false, activationEvent: 'onLanguage:json'
[2022-10-14 16:54:53.915] [exthost] [info] ExtensionService#_doActivateExtension vscode.markdown-language-features, startup: false, activationEvent: 'onLanguage:markdown'
[2022-10-14 16:54:54.437] [exthost] [info] ExtensionService#_doActivateExtension vscode.markdown-math, startup: false, activationEvent: 'api', root cause: vscode.markdown-language-features
[2022-10-14 17:30:27.183] [exthost] [info] Extension host terminating: renderer disconnected for too long (2)
[2022-10-14 17:30:27.186] [exthost] [info] Lock '/root/.vscode-server/data/User/workspaceStorage/0cb5757dd0d65051c58bb058b676fa48-1/vscode.lock': Marking the lockfile as scheduled to be released in 6000 ms.
[2022-10-14 17:30:27.295] [exthost] [info] Extension host with pid 5108 exiting with code 0
