*
* Visual Studio Code Server
*
* By using the software, you agree to
* the Visual Studio Code Server License Terms (https://aka.ms/vscode-server-license) and
* the Microsoft Privacy Statement (https://privacy.microsoft.com/en-US/privacystatement).
*
Server bound to 127.0.0.1:42313 (IPv4)
Extension host agent listening on 42313

[14:48:01] Extension host agent started.
[14:48:01] [127.0.0.1][054508d2][ManagementConnection] New connection established.
[14:48:01] [127.0.0.1][283c1201][ExtensionHostConnection] New connection established.
[14:48:01] [127.0.0.1][283c1201][ExtensionHostConnection] <10794> Launched Extension Host Process.
[IPC Library: Pty Host]  WARN Shell integration cannot be enabled for executable "/bin/sh" and args [
  '-c',
  'wget --version > /dev/null\n' +
    'if [ $? -eq 0 ]\n' +
    'then\n' +
    "\twget --connect-timeout=7 --tries=1 --dns-timeout=7 -q --header='Metadata:true' -O - http://169.254.169.254/metadata/instance?api-version=2019-03-11\n" +
    'else\n' +
    '\tcurl --version > /dev/null\n' +
    '\tif [ $? -eq 0 ]\n' +
    '\tthen\n' +
    "\t\tcurl --connect-timeout 7 -s --header='Metadata:true' http://169.254.169.254/metadata/instance?api-version=2019-03-11\n" +
    '\tfi\n' +
    'fi\n' +
    'exit 0'
]
[IPC Library: Pty Host]  WARN Shell integration cannot be enabled for executable "/bin/sh" and args [
  '-c',
  'wget --version > /dev/null\n' +
    'if [ $? -eq 0 ]\n' +
    'then\n' +
    '\twget --connect-timeout=7 --tries=1 --dns-timeout=7 -q  -O - http://169.254.169.254/latest/meta-data/instance-id\n' +
    'else\n' +
    '\tcurl --version > /dev/null\n' +
    '\tif [ $? -eq 0 ]\n' +
    '\tthen\n' +
    '\t\tcurl --connect-timeout 7 -s  http://169.254.169.254/latest/meta-data/instance-id\n' +
    '\tfi\n' +
    'fi\n' +
    'exit 0'
]
[IPC Library: Pty Host]  WARN Shell integration cannot be enabled for executable "/bin/sh" and args [
  '-c',
  'wget --version > /dev/null\n' +
    'if [ $? -eq 0 ]\n' +
    'then\n' +
    '\twget --connect-timeout=7 --tries=1 --dns-timeout=7 -q  -O - http://169.254.169.254/metadata/v1/id\n' +
    'else\n' +
    '\tcurl --version > /dev/null\n' +
    '\tif [ $? -eq 0 ]\n' +
    '\tthen\n' +
    '\t\tcurl --connect-timeout 7 -s  http://169.254.169.254/metadata/v1/id\n' +
    '\tfi\n' +
    'fi\n' +
    'exit 0'
]
[IPC Library: Pty Host]  WARN Shell integration cannot be enabled for executable "/bin/sh" and args [
  '-c',
  'wget --version > /dev/null\n' +
    'if [ $? -eq 0 ]\n' +
    'then\n' +
    "\twget --connect-timeout=7 --tries=1 --dns-timeout=7 -q --header='Metadata-Flavor:Google' -O - http://metadata.google.internal/computeMetadata/v1/instance/id\n" +
    'else\n' +
    '\tcurl --version > /dev/null\n' +
    '\tif [ $? -eq 0 ]\n' +
    '\tthen\n' +
    "\t\tcurl --connect-timeout 7 -s --header='Metadata-Flavor:Google' http://metadata.google.internal/computeMetadata/v1/instance/id\n" +
    '\tfi\n' +
    'fi\n' +
    'exit 0'
]
rejected promise not handled within 1 second: CodeExpectedError: Could not find pty on pty host
stack trace: CodeExpectedError: Could not find pty on pty host,    at c._throwIfNoPty (/root/.vscode-server/bin/74b1f979648cc44d385a2286793c226e611f59e7/out/vs/platform/terminal/node/ptyHostMain.js:23:36316),    at c.updateTitle (/root/.vscode-server/bin/74b1f979648cc44d385a2286793c226e611f59e7/out/vs/platform/terminal/node/ptyHostMain.js:23:32064),    at Object.call (/root/.vscode-server/bin/74b1f979648cc44d385a2286793c226e611f59e7/out/vs/platform/terminal/node/ptyHostMain.js:16:8386),    at u.onPromise (/root/.vscode-server/bin/74b1f979648cc44d385a2286793c226e611f59e7/out/vs/platform/terminal/node/ptyHostMain.js:15:5851),    at u.onRawMessage (/root/.vscode-server/bin/74b1f979648cc44d385a2286793c226e611f59e7/out/vs/platform/terminal/node/ptyHostMain.js:15:5234),    at /root/.vscode-server/bin/74b1f979648cc44d385a2286793c226e611f59e7/out/vs/platform/terminal/node/ptyHostMain.js:15:4520,    at p.invoke (/root/.vscode-server/bin/74b1f979648cc44d385a2286793c226e611f59e7/out/vs/platform/terminal/node/ptyHostMain.js:11:145),    at D.deliver (/root/.vscode-server/bin/74b1f979648cc44d385a2286793c226e611f59e7/out/vs/platform/terminal/node/ptyHostMain.js:11:2275),    at T.fire (/root/.vscode-server/bin/74b1f979648cc44d385a2286793c226e611f59e7/out/vs/platform/terminal/node/ptyHostMain.js:11:1853),    at process.Q (/root/.vscode-server/bin/74b1f979648cc44d385a2286793c226e611f59e7/out/vs/platform/terminal/node/ptyHostMain.js:9:20703),    at process.emit (node:events:526:28),    at emit (node:internal/child_process:938:14),    at processTicksAndRejections (node:internal/process/task_queues:84:21)
[14:48:05] [Error [CodeExpectedError]: Could not find pty on pty host,    at c._throwIfNoPty (/root/.vscode-server/bin/74b1f979648cc44d385a2286793c226e611f59e7/out/vs/platform/terminal/node/ptyHostMain.js:23:36316),    at c.updateTitle (/root/.vscode-server/bin/74b1f979648cc44d385a2286793c226e611f59e7/out/vs/platform/terminal/node/ptyHostMain.js:23:32064),    at Object.call (/root/.vscode-server/bin/74b1f979648cc44d385a2286793c226e611f59e7/out/vs/platform/terminal/node/ptyHostMain.js:16:8386),    at u.onPromise (/root/.vscode-server/bin/74b1f979648cc44d385a2286793c226e611f59e7/out/vs/platform/terminal/node/ptyHostMain.js:15:5851),    at u.onRawMessage (/root/.vscode-server/bin/74b1f979648cc44d385a2286793c226e611f59e7/out/vs/platform/terminal/node/ptyHostMain.js:15:5234),    at /root/.vscode-server/bin/74b1f979648cc44d385a2286793c226e611f59e7/out/vs/platform/terminal/node/ptyHostMain.js:15:4520,    at p.invoke (/root/.vscode-server/bin/74b1f979648cc44d385a2286793c226e611f59e7/out/vs/platform/terminal/node/ptyHostMain.js:11:145),    at D.deliver (/root/.vscode-server/bin/74b1f979648cc44d385a2286793c226e611f59e7/out/vs/platform/terminal/node/ptyHostMain.js:11:2275),    at T.fire (/root/.vscode-server/bin/74b1f979648cc44d385a2286793c226e611f59e7/out/vs/platform/terminal/node/ptyHostMain.js:11:1853),    at process.Q (/root/.vscode-server/bin/74b1f979648cc44d385a2286793c226e611f59e7/out/vs/platform/terminal/node/ptyHostMain.js:9:20703),    at process.emit (node:events:526:28),    at emit (node:internal/child_process:938:14),    at processTicksAndRejections (node:internal/process/task_queues:84:21)]
rejected promise not handled within 1 second: CodeExpectedError: Could not find pty on pty host
stack trace: CodeExpectedError: Could not find pty on pty host,    at c._throwIfNoPty (/root/.vscode-server/bin/74b1f979648cc44d385a2286793c226e611f59e7/out/vs/platform/terminal/node/ptyHostMain.js:23:36316),    at c.updateIcon (/root/.vscode-server/bin/74b1f979648cc44d385a2286793c226e611f59e7/out/vs/platform/terminal/node/ptyHostMain.js:23:32124),    at Object.call (/root/.vscode-server/bin/74b1f979648cc44d385a2286793c226e611f59e7/out/vs/platform/terminal/node/ptyHostMain.js:16:8386),    at u.onPromise (/root/.vscode-server/bin/74b1f979648cc44d385a2286793c226e611f59e7/out/vs/platform/terminal/node/ptyHostMain.js:15:5851),    at u.onRawMessage (/root/.vscode-server/bin/74b1f979648cc44d385a2286793c226e611f59e7/out/vs/platform/terminal/node/ptyHostMain.js:15:5234),    at /root/.vscode-server/bin/74b1f979648cc44d385a2286793c226e611f59e7/out/vs/platform/terminal/node/ptyHostMain.js:15:4520,    at p.invoke (/root/.vscode-server/bin/74b1f979648cc44d385a2286793c226e611f59e7/out/vs/platform/terminal/node/ptyHostMain.js:11:145),    at D.deliver (/root/.vscode-server/bin/74b1f979648cc44d385a2286793c226e611f59e7/out/vs/platform/terminal/node/ptyHostMain.js:11:2275),    at T.fire (/root/.vscode-server/bin/74b1f979648cc44d385a2286793c226e611f59e7/out/vs/platform/terminal/node/ptyHostMain.js:11:1853),    at process.Q (/root/.vscode-server/bin/74b1f979648cc44d385a2286793c226e611f59e7/out/vs/platform/terminal/node/ptyHostMain.js:9:20703),    at process.emit (node:events:526:28),    at emit (node:internal/child_process:938:14),    at processTicksAndRejections (node:internal/process/task_queues:84:21)
[14:48:05] [Error [CodeExpectedError]: Could not find pty on pty host,    at c._throwIfNoPty (/root/.vscode-server/bin/74b1f979648cc44d385a2286793c226e611f59e7/out/vs/platform/terminal/node/ptyHostMain.js:23:36316),    at c.updateIcon (/root/.vscode-server/bin/74b1f979648cc44d385a2286793c226e611f59e7/out/vs/platform/terminal/node/ptyHostMain.js:23:32124),    at Object.call (/root/.vscode-server/bin/74b1f979648cc44d385a2286793c226e611f59e7/out/vs/platform/terminal/node/ptyHostMain.js:16:8386),    at u.onPromise (/root/.vscode-server/bin/74b1f979648cc44d385a2286793c226e611f59e7/out/vs/platform/terminal/node/ptyHostMain.js:15:5851),    at u.onRawMessage (/root/.vscode-server/bin/74b1f979648cc44d385a2286793c226e611f59e7/out/vs/platform/terminal/node/ptyHostMain.js:15:5234),    at /root/.vscode-server/bin/74b1f979648cc44d385a2286793c226e611f59e7/out/vs/platform/terminal/node/ptyHostMain.js:15:4520,    at p.invoke (/root/.vscode-server/bin/74b1f979648cc44d385a2286793c226e611f59e7/out/vs/platform/terminal/node/ptyHostMain.js:11:145),    at D.deliver (/root/.vscode-server/bin/74b1f979648cc44d385a2286793c226e611f59e7/out/vs/platform/terminal/node/ptyHostMain.js:11:2275),    at T.fire (/root/.vscode-server/bin/74b1f979648cc44d385a2286793c226e611f59e7/out/vs/platform/terminal/node/ptyHostMain.js:11:1853),    at process.Q (/root/.vscode-server/bin/74b1f979648cc44d385a2286793c226e611f59e7/out/vs/platform/terminal/node/ptyHostMain.js:9:20703),    at process.emit (node:events:526:28),    at emit (node:internal/child_process:938:14),    at processTicksAndRejections (node:internal/process/task_queues:84:21)]
[14:48:06] [127.0.0.1][054508d2][ManagementConnection] The client has disconnected gracefully, so the connection will be disposed.
[14:48:06] [127.0.0.1][283c1201][ExtensionHostConnection] <10794> Extension Host Process exited with code: 0, signal: null.
Last EH closed, waiting before shutting down
[14:48:06] Last EH closed, waiting before shutting down
Got delay-shutdown request while in shutdown timeout, delaying
[14:48:19] Got delay-shutdown request while in shutdown timeout, delaying
Cancelling previous shutdown timeout
[14:48:19] Cancelling previous shutdown timeout
[14:48:19] [127.0.0.1][ce76663a][ManagementConnection] New connection established.
[14:48:19] [127.0.0.1][8b7443d0][ExtensionHostConnection] New connection established.
[14:48:19] [127.0.0.1][8b7443d0][ExtensionHostConnection] <10943> Launched Extension Host Process.
[IPC Library: Pty Host]  WARN Shell integration cannot be enabled for executable "/bin/sh" and args [
  '-c',
  'wget --version > /dev/null\n' +
    'if [ $? -eq 0 ]\n' +
    'then\n' +
    "\twget --connect-timeout=7 --tries=1 --dns-timeout=7 -q --header='Metadata:true' -O - http://169.254.169.254/metadata/instance?api-version=2019-03-11\n" +
    'else\n' +
    '\tcurl --version > /dev/null\n' +
    '\tif [ $? -eq 0 ]\n' +
    '\tthen\n' +
    "\t\tcurl --connect-timeout 7 -s --header='Metadata:true' http://169.254.169.254/metadata/instance?api-version=2019-03-11\n" +
    '\tfi\n' +
    'fi\n' +
    'exit 0'
]
[IPC Library: Pty Host]  WARN Shell integration cannot be enabled for executable "/bin/sh" and args [
  '-c',
  'wget --version > /dev/null\n' +
    'if [ $? -eq 0 ]\n' +
    'then\n' +
    '\twget --connect-timeout=7 --tries=1 --dns-timeout=7 -q  -O - http://169.254.169.254/latest/meta-data/instance-id\n' +
    'else\n' +
    '\tcurl --version > /dev/null\n' +
    '\tif [ $? -eq 0 ]\n' +
    '\tthen\n' +
    '\t\tcurl --connect-timeout 7 -s  http://169.254.169.254/latest/meta-data/instance-id\n' +
    '\tfi\n' +
    'fi\n' +
    'exit 0'
]
[IPC Library: Pty Host]  WARN Shell integration cannot be enabled for executable "/bin/sh" and args [
  '-c',
  'wget --version > /dev/null\n' +
    'if [ $? -eq 0 ]\n' +
    'then\n' +
    '\twget --connect-timeout=7 --tries=1 --dns-timeout=7 -q  -O - http://169.254.169.254/metadata/v1/id\n' +
    'else\n' +
    '\tcurl --version > /dev/null\n' +
    '\tif [ $? -eq 0 ]\n' +
    '\tthen\n' +
    '\t\tcurl --connect-timeout 7 -s  http://169.254.169.254/metadata/v1/id\n' +
    '\tfi\n' +
    'fi\n' +
    'exit 0'
]
[IPC Library: Pty Host]  WARN Shell integration cannot be enabled for executable "/bin/sh" and args [
  '-c',
  'wget --version > /dev/null\n' +
    'if [ $? -eq 0 ]\n' +
    'then\n' +
    "\twget --connect-timeout=7 --tries=1 --dns-timeout=7 -q --header='Metadata-Flavor:Google' -O - http://metadata.google.internal/computeMetadata/v1/instance/id\n" +
    'else\n' +
    '\tcurl --version > /dev/null\n' +
    '\tif [ $? -eq 0 ]\n' +
    '\tthen\n' +
    "\t\tcurl --connect-timeout 7 -s --header='Metadata-Flavor:Google' http://metadata.google.internal/computeMetadata/v1/instance/id\n" +
    '\tfi\n' +
    'fi\n' +
    'exit 0'
]
New EH opened, aborting shutdown
[14:53:19] New EH opened, aborting shutdown
[15:25:03] [127.0.0.1][ce76663a][ManagementConnection] The client has disconnected gracefully, so the connection will be disposed.
[15:25:03] [127.0.0.1][8b7443d0][ExtensionHostConnection] <10943> Extension Host Process exited with code: 0, signal: null.
Last EH closed, waiting before shutting down
[15:25:03] Last EH closed, waiting before shutting down
Last EH closed, shutting down
[15:30:03] Last EH closed, shutting down
